    -4921.82184992    
    -5122.08847579    
    -4976.80785422    
    -4959.42004745    
    -4948.90851590    
    -4956.80379312    
    -4968.78493785    
    -4967.14545554    
    -4964.40772227    
    -4965.15444407    
    -4965.07517228    
    -4965.06399934    
    -4965.07498292    
    -4965.07255545    
    -4965.07573460    
    -4965.06999468    
    -4965.07292570    
    -4965.07293996    
    -4965.07286000    
    -4965.07256329    
    -4965.07258850    
    -4965.07265530    
