    -4907.83831204    
    -5165.91169214    
    -4966.63877604    
    -4980.29097755    
    -4983.40965197    
    -4979.28663734    
    -4941.69397867    
    -4963.67232196    
    -4967.13991859    
    -4956.37612646    
    -4972.21270026    
    -4962.02194114    
    -4964.45024808    
    -4965.61788839    
    -4964.36891393    
    -4965.21751102    
    -4964.57242027    
    -4964.93745118    
    -4965.06272453    
    -4964.94102480    
    -4964.90094130    
    -4964.89470198    
    -4964.91572929    
    -4964.93931564    
    -4964.92454102    
    -4964.92255859    
    -4964.94113558    
    -4964.92303900    
    -4964.92359266    
    -4964.93994878    
    -4964.94107346    
    -4964.94797481    
    -4964.94071387    
    -4964.94761299    
    -4964.94407851    
    -4964.94570845    
    -4964.94442987    
    -4964.94418207    
    -4964.94419152    
    -4964.94398757    
    -4964.94426725    
    -4964.94505522    
    -4964.94448870    
    -4964.94502970    
    -4964.94490316    
    -4964.94511227    
    -4964.94421430    
    -4964.94428534    
    -4964.94417625    
    -4964.94525560    
    -4964.94510321    
    -4964.94509203    
    -4964.94484519    
    -4964.94495887    
    -4964.94498824    
    -4964.94418998    
    -4964.94468324    
    -4964.94442822    
    -4964.94448544    
    -4964.94409402    
    -4964.94498737    
    -4964.94493262    
    -4964.94493526    
