    -4920.75047814    
    -5127.55268195    
    -4974.53302166    
    -4963.44008435    
    -4952.24473378    
    -4954.46980014    
    -4971.69271761    
    -4967.42001167    
    -4962.59731158    
    -4964.29650895    
    -4965.40867946    
    -4964.99642296    
    -4965.05541052    
    -4965.01723955    
    -4965.09238182    
    -4965.06908707    
    -4965.07687676    
    -4965.07000871    
    -4965.05922341    
    -4965.06833493    
    -4965.06672294    
    -4965.06003528    
    -4965.07025883    
    -4965.07238221    
    -4965.06584606    
    -4965.05346946    
    -4965.06295123    
    -4965.06291313    
    -4965.06109008    
    -4965.06129788    
    -4965.06187725    
    -4965.06709154    
    -4965.05966072    
    -4965.06209599    
    -4965.06802237    
    -4965.06019567    
    -4965.06409052    
    -4965.06642297    
    -4965.07207071    
    -4965.06943377    
    -4965.07125649    
    -4965.06150502    
    -4965.05986957    
    -4965.06291354    
    -4965.06296785    
    -4965.06145285    
    -4965.06445701    
    -4965.06930354    
    -4965.06857508    
    -4965.06180653    
    -4965.06789018    
    -4965.07361378    
    -4965.07342964    
    -4965.06455203    
    -4965.07231963    
    -4965.06483849    
    -4965.06529879    
    -4965.06510788    
    -4965.06632186    
    -4965.06607389    
    -4965.06631909    
    -4965.06670272    
    -4965.07478641    
    -4965.07436272    
    -4965.07536456    
    -4965.07367796    
    -4965.06628356    
    -4965.07458831    
    -4965.06656044    
    -4965.07415787    
    -4965.06603548    
    -4965.07438881    
    -4965.06654915    
    -4965.06694779    
    -4965.07500372    
    -4965.07381951    
    -4965.07372539    
    -4965.07314785    
    -4965.06612827    
    -4965.07420877    
    -4965.06484157    
    -4965.07437828    
    -4965.06495463    
    -4965.06594176    
    -4965.07417935    
    -4965.06543430    
    -4965.06705659    
    -4965.06719717    
    -4965.07536247    
    -4965.06661181    
    -4965.07604533    
    -4965.06723178    
    -4965.06844186    
    -4965.07473026    
    -4965.07445925    
    -4965.06704508    
    -4965.06811668    
    -4965.07475447    
    -4965.07388052    
    -4965.06679174    
    -4965.06731067    
    -4965.07495613    
    -4965.06647078    
    -4965.06812505    
    -4965.06841858    
    -4965.06852720    
    -4965.06809944    
    -4965.06914204    
    -4965.06975375    
    -4965.07578081    
    -4965.07534132    
    -4965.07462718    
    -4965.07538206    
    -4965.07524633    
    -4965.07505178    
    -4965.07536945    
    -4965.07442161    
    -4965.07469998    
    -4965.07144372    
    -4965.06520992    
    -4965.06476493    
    -4965.06634049    
    -4965.06675140    
    -4965.07489541    
    -4965.07326962    
    -4965.07387944    
    -4965.06598265    
    -4965.07487440    
    -4965.06611349    
    -4965.07494645    
    -4965.06601552    
    -4965.07401664    
    -4965.06587928    
    -4965.06712081    
    -4965.06779950    
    -4965.07568066    
    -4965.07437156    
    -4965.07404695    
    -4965.07351904    
    -4965.07400005    
    -4965.07289389    
    -4965.06598435    
    -4965.07483036    
    -4965.07184272    
    -4965.06504337    
    -4965.06522044    
    -4965.06654873    
    -4965.07411822    
    -4965.06567921    
    -4965.06705952    
    -4965.07517558    
    -4965.06698740    
    -4965.07503553    
    -4965.06686267    
    -4965.07519783    
    -4965.06710069    
    -4965.06755105    
    -4965.06730915    
    -4965.06774735    
    -4965.06799559    
    -4965.06897444    
    -4965.07567440    
    -4965.07488135    
    -4965.07516577    
    -4965.07547232    
    -4965.07542422    
    -4965.06712415    
    -4965.07532373    
    -4965.07462797    
    -4965.06619563    
    -4965.06729014    
    -4965.07474963    
    -4965.06664746    
    -4965.06734186    
    -4965.06742766    
    -4965.06868227    
    -4965.07436100    
    -4965.07423917    
    -4965.07419791    
    -4965.07458414    
    -4965.07428944    
    -4965.07476998    
    -4965.07470268    
    -4965.07411374    
    -4965.07306244    
    -4965.07138195    
    -4965.06230234    
    -4965.06664591    
    -4965.06608926    
    -4965.06638060    
    -4965.06599235    
    -4965.07423554    
    -4965.06669654    
    -4965.07424514    
    -4965.06620256    
    -4965.06817587    
    -4965.06750715    
    -4965.07652035    
    -4965.06665835    
    -4965.06857803    
