    -4921.45262135    
    -5124.12306745    
    -4975.65220631    
    -4961.37079276    
    -4950.32203056    
    -4956.14691974    
    -4970.89760106    
    -4965.79807176    
    -4963.77528051    
    -4965.23371672    
    -4965.09916568    
    -4965.08019264    
    -4965.08453108    
    -4965.08285773    
    -4965.07341830    
    -4965.06924594    
    -4965.07077428    
    -4965.07104591    
    -4965.07097034    
    -4965.07115481    
    -4965.07112159    
    -4965.07110190    
