    -4923.43976773    
    -5116.36567630    
    -4979.68761735    
    -4949.69877414    
    -4944.50841064    
    -4956.93662331    
    -4970.59595202    
    -4966.42175674    
    -4963.72747459    
    -4965.73920030    
    -4964.74426398    
    -4965.09562592    
    -4964.99579226    
    -4965.08437556    
    -4965.07573514    
    -4965.07917329    
    -4965.05561566    
    -4965.05535505    
    -4965.05665740    
    -4965.05473005    
    -4965.05422517    
    -4965.05433994    
    -4965.05426091    
    -4965.05434096    
    -4965.05438581    
