   0.000000000      -2.564653198    
  0.2862238205E-01  -2.564652893    
  0.5724476410E-01  -2.564678643    
  0.8586714614E-01  -2.564722250    
  0.1144895282      -2.564805282    
  0.1431119102      -2.564884209    
  0.1717342923      -2.564978649    
  0.2003566743      -2.565087638    
  0.2289790564      -2.565220977    
  0.2576014384      -2.565355133    
  0.2862238205      -2.565500037    
  0.3148462025      -2.565654252    
  0.3434685846      -2.565805637    
  0.3720909666      -2.565974743    
  0.4007133487      -2.566148254    
  0.4293357307      -2.566324475    
  0.4579581128      -2.566501708    
  0.4865804948      -2.566678240    
  0.5152028769      -2.566852386    
  0.5438252589      -2.567022502    
  0.5724476410      -2.567186980    
  0.6010700230      -2.567344284    
  0.6296924051      -2.567503005    
  0.6583147871      -2.567641932    
  0.6869371692      -2.567769528    
  0.7155595512      -2.567884637    
  0.7441819332      -2.567986204    
  0.7728043153      -2.568073299    
  0.8014266973      -2.568166042    
  0.8300490794      -2.568224236    
  0.8586714614      -2.568266164    
  0.8872938435      -2.568291471    
  0.9159162255      -2.568299938    
  0.9159162255      -2.568299938    
  0.9464467664      -2.568293938    
  0.9769773072      -2.568276024    
   1.007507848      -2.568246374    
   1.038038389      -2.568205324    
   1.068568930      -2.568153312    
   1.099099471      -2.568090909    
   1.129630011      -2.568018792    
   1.160160552      -2.567937420    
   1.190691093      -2.567849347    
   1.221221634      -2.567754160    
   1.251752175      -2.567652920    
   1.282282716      -2.567546726    
   1.312813257      -2.567436751    
   1.343343797      -2.567296389    
   1.373874338      -2.567184823    
   1.373874338      -2.567184823    
   1.403313001      -2.567197174    
   1.432751663      -2.567234334    
   1.462190326      -2.567287031    
   1.491628988      -2.567353677    
   1.521067651      -2.567455726    
   1.550506313      -2.567539694    
   1.579944976      -2.567627111    
   1.609383638      -2.567709251    
   1.638822300      -2.567798520    
   1.668260963      -2.567885923    
   1.697699625      -2.567970261    
   1.727138288      -2.568050481    
   1.756576950      -2.568110382    
   1.786015613      -2.568180881    
   1.815454275      -2.568244793    
   1.844892938      -2.568300227    
   1.874331600      -2.568349302    
   1.903770263      -2.568390087    
   1.933208925      -2.568422406    
   1.962647587      -2.568445563    
   1.992086250      -2.568459725    
   2.021524912      -2.568464407    
   2.021524912      -2.568464407    
   2.050902939      -2.568451664    
   2.080280966      -2.568405267    
   2.109658992      -2.568343515    
   2.139037019      -2.568257648    
   2.168415046      -2.568148830    
   2.197793072      -2.568018527    
   2.227171099      -2.567868482    
   2.256549125      -2.567700715    
   2.285927152      -2.567536447    
   2.315305179      -2.567326128    
   2.344683205      -2.567116814    
   2.374061232      -2.566903647    
   2.403439259      -2.566685643    
   2.432817285      -2.566465776    
   2.462195312      -2.566247011    
   2.491573338      -2.566032326    
   2.520951365      -2.565824644    
   2.550329392      -2.565626794    
   2.579707418      -2.565441470    
   2.609085445      -2.565271192    
   2.638463472      -2.565118290    
   2.667841498      -2.564984849    
   2.697219525      -2.564847183    
   2.726597552      -2.564759453    
   2.755975578      -2.564695725    
   2.785353605      -2.564657414    
   2.814731631      -2.564653198    
     
   0.000000000      -2.564653198    
  0.2862238205E-01  -2.564651126    
  0.5724476410E-01  -2.564658150    
  0.8586714614E-01  -2.564676203    
  0.1144895282      -2.564702937    
  0.1431119102      -2.564734259    
  0.1717342923      -2.564771634    
  0.2003566743      -2.564814708    
  0.2289790564      -2.564876002    
  0.2576014384      -2.564930213    
  0.2862238205      -2.564988776    
  0.3148462025      -2.565051136    
  0.3434685846      -2.565116702    
  0.3720909666      -2.565184843    
  0.4007133487      -2.565254911    
  0.4293357307      -2.565326218    
  0.4579581128      -2.565398093    
  0.4865804948      -2.565469824    
  0.5152028769      -2.565540719    
  0.5438252589      -2.565610091    
  0.5724476410      -2.565677249    
  0.6010700230      -2.565741540    
  0.6296924051      -2.565809683    
  0.6583147871      -2.565867373    
  0.6869371692      -2.565920494    
  0.7155595512      -2.565968528    
  0.7441819332      -2.566011008    
  0.7728043153      -2.566047510    
  0.8014266973      -2.566081956    
  0.8300490794      -2.566106266    
  0.8586714614      -2.566123793    
  0.8872938435      -2.566134384    
  0.9159162255      -2.566137920    
  0.9159162255      -2.566137920    
  0.9464467664      -2.566143560    
  0.9769773072      -2.566160873    
   1.007507848      -2.566189511    
   1.038038389      -2.566229159    
   1.068568930      -2.566279379    
   1.099099471      -2.566333661    
   1.129630011      -2.566404059    
   1.160160552      -2.566483739    
   1.190691093      -2.566570502    
   1.221221634      -2.566663992    
   1.251752175      -2.566763191    
   1.282282716      -2.566867009    
   1.312813257      -2.566974301    
   1.343343797      -2.567072799    
   1.373874338      -2.567184576    
   1.373874338      -2.567184576    
   1.403313001      -2.567189803    
   1.432751663      -2.567168943    
   1.462190326      -2.567121772    
   1.491628988      -2.567056283    
   1.521067651      -2.566975281    
   1.550506313      -2.566877284    
   1.579944976      -2.566766049    
   1.609383638      -2.566632585    
   1.638822300      -2.566502738    
   1.668260963      -2.566367040    
   1.697699625      -2.566228268    
   1.727138288      -2.566089264    
   1.756576950      -2.565945487    
   1.786015613      -2.565814329    
   1.815454275      -2.565691299    
   1.844892938      -2.565570360    
   1.874331600      -2.565471657    
   1.903770263      -2.565387813    
   1.933208925      -2.565320694    
   1.962647587      -2.565271296    
   1.992086250      -2.565254449    
   2.021524912      -2.565244822    
   2.021524912      -2.565244822    
   2.050902939      -2.565242806    
   2.080280966      -2.565236796    
   2.109658992      -2.565226866    
   2.139037019      -2.565213138    
   2.168415046      -2.565195787    
   2.197793072      -2.565175042    
   2.227171099      -2.565151152    
   2.256549125      -2.565124439    
   2.285927152      -2.565102917    
   2.315305179      -2.565069843    
   2.344683205      -2.565024639    
   2.374061232      -2.564992459    
   2.403439259      -2.564959471    
   2.432817285      -2.564926132    
   2.462195312      -2.564892889    
   2.491573338      -2.564860203    
   2.520951365      -2.564828513    
   2.550329392      -2.564798247    
   2.579707418      -2.564769816    
   2.609085445      -2.564743594    
   2.638463472      -2.564719935    
   2.667841498      -2.564699147    
   2.697219525      -2.564673500    
   2.726597552      -2.564660288    
   2.755975578      -2.564650517    
   2.785353605      -2.564651835    
   2.814731631      -2.564653198    
     
   0.000000000      -2.564652823    
  0.2862238205E-01  -2.564650870    
  0.5724476410E-01  -2.564657914    
  0.8586714614E-01  -2.564675966    
  0.1144895282      -2.564702693    
  0.1431119102      -2.564734021    
  0.1717342923      -2.564771396    
  0.2003566743      -2.564814469    
  0.2289790564      -2.564875730    
  0.2576014384      -2.564929937    
  0.2862238205      -2.564988498    
  0.3148462025      -2.565050863    
  0.3434685846      -2.565116425    
  0.3720909666      -2.565184562    
  0.4007133487      -2.565254626    
  0.4293357307      -2.565325938    
  0.4579581128      -2.565397808    
  0.4865804948      -2.565469544    
  0.5152028769      -2.565540438    
  0.5438252589      -2.565609809    
  0.5724476410      -2.565676969    
  0.6010700230      -2.565741260    
  0.6296924051      -2.565809383    
  0.6583147871      -2.565867076    
  0.6869371692      -2.565920197    
  0.7155595512      -2.565968229    
  0.7441819332      -2.566010708    
  0.7728043153      -2.566047209    
  0.8014266973      -2.566081647    
  0.8300490794      -2.566105957    
  0.8586714614      -2.566123488    
  0.8872938435      -2.566134070    
  0.9159162255      -2.566137608    
  0.9159162255      -2.566137608    
  0.9464467664      -2.566137829    
  0.9769773072      -2.566138023    
   1.007507848      -2.566138314    
   1.038038389      -2.566138672    
   1.068568930      -2.566139049    
   1.099099471      -2.566128203    
   1.129630011      -2.566128714    
   1.160160552      -2.566128687    
   1.190691093      -2.566131734    
   1.221221634      -2.566134525    
   1.251752175      -2.566136984    
   1.282282716      -2.566139065    
   1.312813257      -2.566140725    
   1.343343797      -2.566130466    
   1.373874338      -2.566130696    
   1.373874338      -2.566130696    
   1.403313001      -2.566125016    
   1.432751663      -2.566097135    
   1.462190326      -2.566054175    
   1.491628988      -2.566000422    
   1.521067651      -2.565940643    
   1.550506313      -2.565875912    
   1.579944976      -2.565809915    
   1.609383638      -2.565744351    
   1.638822300      -2.565680455    
   1.668260963      -2.565619159    
   1.697699625      -2.565561169    
   1.727138288      -2.565506998    
   1.756576950      -2.565449429    
   1.786015613      -2.565404766    
   1.815454275      -2.565364825    
   1.844892938      -2.565329324    
   1.874331600      -2.565299397    
   1.903770263      -2.565274601    
   1.933208925      -2.565262900    
   1.962647587      -2.565248690    
   1.992086250      -2.565247409    
   2.021524912      -2.565244442    
   2.021524912      -2.565244442    
   2.050902939      -2.565242425    
   2.080280966      -2.565236417    
   2.109658992      -2.565226486    
   2.139037019      -2.565212758    
   2.168415046      -2.565195413    
   2.197793072      -2.565174668    
   2.227171099      -2.565150784    
   2.256549125      -2.565124063    
   2.285927152      -2.565102525    
   2.315305179      -2.565069463    
   2.344683205      -2.565024298    
   2.374061232      -2.564992117    
   2.403439259      -2.564959129    
   2.432817285      -2.564925788    
   2.462195312      -2.564892545    
   2.491573338      -2.564859865    
   2.520951365      -2.564828174    
   2.550329392      -2.564797908    
   2.579707418      -2.564769477    
   2.609085445      -2.564743256    
   2.638463472      -2.564719597    
   2.667841498      -2.564698816    
   2.697219525      -2.564673193    
   2.726597552      -2.564659982    
   2.755975578      -2.564650210    
   2.785353605      -2.564651507    
   2.814731631      -2.564652823    
     
   0.000000000     -0.3370687476    
  0.2862238205E-01 -0.3366346564    
  0.5724476410E-01 -0.3353341593    
  0.8586714614E-01 -0.3331709944    
  0.1144895282     -0.3301515876    
  0.1431119102     -0.3262851547    
  0.1717342923     -0.3215844838    
  0.2003566743     -0.3160661367    
  0.2289790564     -0.3097515562    
  0.2576014384     -0.3026672863    
  0.2862238205     -0.2948478735    
  0.3148462025     -0.2863372197    
  0.3434685846     -0.2771908491    
  0.3720909666     -0.2674840435    
  0.4007133487     -0.2573131105    
  0.4293357307     -0.2468066982    
  0.4579581128     -0.2361357207    
  0.4865804948     -0.2255249114    
  0.5152028769     -0.2152603381    
  0.5438252589     -0.2056821879    
  0.5724476410     -0.1971469163    
  0.6010700230     -0.1899516995    
  0.6296924051     -0.1842568757    
  0.6583147871     -0.1800070380    
  0.6869371692     -0.1770205814    
  0.7155595512     -0.1750355759    
  0.7441819332     -0.1737893226    
  0.7728043153     -0.1730565962    
  0.8014266973     -0.1728171691    
  0.8300490794     -0.1726390666    
  0.8586714614     -0.1725722532    
  0.8872938435     -0.1725553287    
  0.9159162255     -0.1725534545    
  0.9159162255     -0.1725534545    
  0.9464467664     -0.1723203824    
  0.9769773072     -0.1716262248    
   1.007507848     -0.1704862701    
   1.038038389     -0.1689264708    
   1.068568930     -0.1669841602    
   1.099099471     -0.1646888195    
   1.129630011     -0.1621465333    
   1.160160552     -0.1594241850    
   1.190691093     -0.1566000791    
   1.221221634     -0.1538023805    
   1.251752175     -0.1511702359    
   1.282282716     -0.1488612051    
   1.312813257     -0.1470414629    
   1.343343797     -0.1456932348    
   1.373874338     -0.1452940420    
   1.373874338     -0.1452940420    
   1.403313001     -0.1451614290    
   1.432751663     -0.1447436738    
   1.462190326     -0.1439170625    
   1.491628988     -0.1427595019    
   1.521067651     -0.1412929085    
   1.550506313     -0.1394862574    
   1.579944976     -0.1373725283    
   1.609383638     -0.1401455307    
   1.638822300     -0.1439236791    
   1.668260963     -0.1478541308    
   1.697699625     -0.1518614289    
   1.727138288     -0.1558664670    
   1.756576950     -0.1597174458    
   1.786015613     -0.1634815738    
   1.815454275     -0.1670038606    
   1.844892938     -0.1702076668    
   1.874331600     -0.1730359517    
   1.903770263     -0.1754282666    
   1.933208925     -0.1773570549    
   1.962647587     -0.1787460813    
   1.992086250     -0.1796456919    
   2.021524912     -0.1799293416    
   2.021524912     -0.1799293416    
   2.050902939     -0.1801940571    
   2.080280966     -0.1809297777    
   2.109658992     -0.1824113318    
   2.139037019     -0.1846864861    
   2.168415046     -0.1879481542    
   2.197793072     -0.1924042689    
   2.227171099     -0.1982161938    
   2.256549125     -0.2054228833    
   2.285927152     -0.2139056446    
   2.315305179     -0.2233620911    
   2.344683205     -0.2334795171    
   2.374061232     -0.2439325017    
   2.403439259     -0.2544197061    
   2.432817285     -0.2647125181    
   2.462195312     -0.2746351664    
   2.491573338     -0.2840543774    
   2.520951365     -0.2928691908    
   2.550329392     -0.3010026881    
   2.579707418     -0.3083957587    
   2.609085445     -0.3150026360    
   2.638463472     -0.3207877003    
   2.667841498     -0.3257231805    
   2.697219525     -0.3297874426    
   2.726597552     -0.3329643350    
   2.755975578     -0.3352417293    
   2.785353605     -0.3366115197    
   2.814731631     -0.3370687476    
     
   0.000000000     -0.1046548658    
  0.2862238205E-01 -0.1047304967    
  0.5724476410E-01 -0.1049827696    
  0.8586714614E-01 -0.1056319454    
  0.1144895282     -0.1065254397    
  0.1431119102     -0.1076534507    
  0.1717342923     -0.1090036644    
  0.2003566743     -0.1105613952    
  0.2289790564     -0.1123098074    
  0.2576014384     -0.1142301809    
  0.2862238205     -0.1163021438    
  0.3148462025     -0.1185039568    
  0.3434685846     -0.1208127911    
  0.3720909666     -0.1232050140    
  0.4007133487     -0.1256564828    
  0.4293357307     -0.1281427867    
  0.4579581128     -0.1306395568    
  0.4865804948     -0.1331226716    
  0.5152028769     -0.1355684941    
  0.5438252589     -0.1379541219    
  0.5724476410     -0.1402575078    
  0.6010700230     -0.1424577024    
  0.6296924051     -0.1445884349    
  0.6583147871     -0.1465303123    
  0.6869371692     -0.1483144046    
  0.7155595512     -0.1499253555    
  0.7441819332     -0.1513494699    
  0.7728043153     -0.1525747487    
  0.8014266973     -0.1536114095    
  0.8300490794     -0.1544119890    
  0.8586714614     -0.1549885597    
  0.8872938435     -0.1553363976    
  0.9159162255     -0.1554526626    
  0.9159162255     -0.1554526626    
  0.9464467664     -0.1553138087    
  0.9769773072     -0.1548968819    
   1.007507848     -0.1542008265    
   1.038038389     -0.1532238924    
   1.068568930     -0.1519637073    
   1.099099471     -0.1502930380    
   1.129630011     -0.1484657199    
   1.160160552     -0.1463996728    
   1.190691093     -0.1439906578    
   1.221221634     -0.1412815475    
   1.251752175     -0.1382687066    
   1.282282716     -0.1349489888    
   1.312813257     -0.1313200502    
   1.343343797     -0.1272683023    
   1.373874338     -0.1230200469    
   1.373874338     -0.1230200469    
   1.403313001     -0.1233275510    
   1.432751663     -0.1242396128    
   1.462190326     -0.1257217052    
   1.491628988     -0.1277314684    
   1.521067651     -0.1304305274    
   1.550506313     -0.1333384259    
   1.579944976     -0.1366002349    
   1.609383638     -0.1348963394    
   1.638822300     -0.1322453961    
   1.668260963     -0.1293797107    
   1.697699625     -0.1263621978    
   1.727138288     -0.1232777444    
   1.756576950     -0.1201728404    
   1.786015613     -0.1172745573    
   1.815454275     -0.1146247167    
   1.844892938     -0.1122913980    
   1.874331600     -0.1103096716    
   1.903770263     -0.1086909478    
   1.933208925     -0.1074435597    
   1.962647587     -0.1065456888    
   1.992086250     -0.1061316688    
   2.021524912     -0.1059545544    
   2.021524912     -0.1059545544    
   2.050902939     -0.1058930965    
   2.080280966     -0.1057100868    
   2.109658992     -0.1054095971    
   2.139037019     -0.1049984985    
   2.168415046     -0.1044865736    
   2.197793072     -0.1038866976    
   2.227171099     -0.1032151060    
   2.256549125     -0.1024917696    
   2.285927152     -0.1051329600    
   2.315305179     -0.1090098059    
   2.344683205     -0.1115200442    
   2.374061232     -0.1130335885    
   2.403439259     -0.1137326967    
   2.432817285     -0.1138246316    
   2.462195312     -0.1134741042    
   2.491573338     -0.1128109906    
   2.520951365     -0.1119385205    
   2.550329392     -0.1109400394    
   2.579707418     -0.1098839812    
   2.609085445     -0.1088272846    
   2.638463472     -0.1078177436    
   2.667841498     -0.1068954005    
   2.697219525     -0.1060160015    
   2.726597552     -0.1053595047    
   2.755975578     -0.1048718055    
   2.785353605     -0.1046471293    
   2.814731631     -0.1046548658    
     
   0.000000000     -0.1046548591    
  0.2862238205E-01 -0.1043929233    
  0.5724476410E-01 -0.1040743780    
  0.8586714614E-01 -0.1035624505    
  0.1144895282     -0.1029127173    
  0.1431119102     -0.1020016605    
  0.1717342923     -0.1008921990    
  0.2003566743     -0.9958870334E-01
  0.2289790564     -0.9818210792E-01
  0.2576014384     -0.9650826134E-01
  0.2862238205     -0.9466002733E-01
  0.3148462025     -0.9264664682E-01
  0.3434685846     -0.9047895086E-01
  0.3720909666     -0.8945108309E-01
  0.4007133487     -0.9061023659E-01
  0.4293357307     -0.9136816686E-01
  0.4579581128     -0.9154447762E-01
  0.4865804948     -0.9090735104E-01
  0.5152028769     -0.8916729197E-01
  0.5438252589     -0.8598601885E-01
  0.5724476410     -0.8101656941E-01
  0.6010700230     -0.7398190877E-01
  0.6296924051     -0.6477486714E-01
  0.6583147871     -0.6171842714E-01
  0.6869371692     -0.5930407707E-01
  0.7155595512     -0.5741529723E-01
  0.7441819332     -0.5682905074E-01
  0.7728043153     -0.5632284212E-01
  0.8014266973     -0.5590167182E-01
  0.8300490794     -0.5556969226E-01
  0.8586714614     -0.5533019836E-01
  0.8872938435     -0.5518553960E-01
  0.9159162255     -0.5513716053E-01
  0.9159162255     -0.5513716053E-01
  0.9464467664     -0.5530609446E-01
  0.9769773072     -0.5581066947E-01
   1.007507848     -0.5670460788E-01
   1.038038389     -0.6172304593E-01
   1.068568930     -0.6737087450E-01
   1.099099471     -0.7336883131E-01
   1.129630011     -0.7951320460E-01
   1.160160552     -0.8559407547E-01
   1.190691093     -0.9165671269E-01
   1.221221634     -0.9754974022E-01
   1.251752175     -0.1032244152    
   1.282282716     -0.1086469061    
   1.312813257     -0.1137940172    
   1.343343797     -0.1184649131    
   1.373874338     -0.1230200269    
   1.373874338     -0.1230200269    
   1.403313001     -0.1230046344    
   1.432751663     -0.1225990945    
   1.462190326     -0.1219088933    
   1.491628988     -0.1209488808    
   1.521067651     -0.1197318986    
   1.550506313     -0.1182611062    
   1.579944976     -0.1165494938    
   1.609383638     -0.1145874794    
   1.638822300     -0.1124026627    
   1.668260963     -0.1099658102    
   1.697699625     -0.1072464881    
   1.727138288     -0.1041943345    
   1.756576950     -0.1006586948    
   1.786015613     -0.9673235262E-01
   1.815454275     -0.9825841016E-01
   1.844892938     -0.1001766272    
   1.874331600     -0.1018737155    
   1.903770263     -0.1032808799    
   1.933208925     -0.1044593853    
   1.962647587     -0.1052553479    
   1.992086250     -0.1057935271    
   2.021524912     -0.1059543902    
   2.021524912     -0.1059543902    
   2.050902939     -0.1058929389    
   2.080280966     -0.1057099235    
   2.109658992     -0.1054094336    
   2.139037019     -0.1049983349    
   2.168415046     -0.1044864097    
   2.197793072     -0.1038865334    
   2.227171099     -0.1032149481    
   2.256549125     -0.1024916115    
   2.285927152     -0.1017987671    
   2.315305179     -0.1010406275    
   2.344683205     -0.1002230450    
   2.374061232     -0.9959477109E-01
   2.403439259     -0.9908374795E-01
   2.432817285     -0.9873481594E-01
   2.462195312     -0.9858810545E-01
   2.491573338     -0.9866975138E-01
   2.520951365     -0.9898235900E-01
   2.550329392     -0.9950051242E-01
   2.579707418     -0.1001748312    
   2.609085445     -0.1009425649    
   2.638463472     -0.1017389997    
   2.667841498     -0.1025053459    
   2.697219525     -0.1031149927    
   2.726597552     -0.1036891446    
   2.755975578     -0.1041174135    
   2.785353605     -0.1044777828    
   2.814731631     -0.1046548591    
     
   0.000000000     -0.1046548591    
  0.2862238205E-01 -0.1043929169    
  0.5724476410E-01 -0.1040743716    
  0.8586714614E-01 -0.1035624441    
  0.1144895282     -0.1029127108    
  0.1431119102     -0.1020016539    
  0.1717342923     -0.1008921990    
  0.2003566743     -0.9958869672E-01
  0.2289790564     -0.9818210111E-01
  0.2576014384     -0.9650825461E-01
  0.2862238205     -0.9466002054E-01
  0.3148462025     -0.9264664682E-01
  0.3434685846     -0.9047895086E-01
  0.3720909666     -0.8816948827E-01
  0.4007133487     -0.8573269922E-01
  0.4293357307     -0.8318506940E-01
  0.4579581128     -0.8054526570E-01
  0.4865804948     -0.7783425207E-01
  0.5152028769     -0.7507537464E-01
  0.5438252589     -0.7229438388E-01
  0.5724476410     -0.6951939475E-01
  0.6010700230     -0.6678076159E-01
  0.6296924051     -0.6427125328E-01
  0.6583147871     -0.6171842006E-01
  0.6869371692     -0.5930407015E-01
  0.7155595512     -0.5706361254E-01
  0.7441819332     -0.5503200060E-01
  0.7728043153     -0.5324278176E-01
  0.8014266973     -0.5187597115E-01
  0.8300490794     -0.5067890092E-01
  0.8586714614     -0.4980665312E-01
  0.8872938435     -0.4927625760E-01
  0.9159162255     -0.4909827001E-01
  0.9159162255     -0.4909827001E-01
  0.9464467664     -0.5002561952E-01
  0.9769773072     -0.5267289541E-01
   1.007507848     -0.5664397917E-01
   1.038038389     -0.5779359879E-01
   1.068568930     -0.5924022006E-01
   1.099099471     -0.6095260302E-01
   1.129630011     -0.6289615309E-01
   1.160160552     -0.6498611924E-01
   1.190691093     -0.6723804351E-01
   1.221221634     -0.6950096230E-01
   1.251752175     -0.7165878042E-01
   1.282282716     -0.7357403062E-01
   1.312813257     -0.7509691585E-01
   1.343343797     -0.7603523739E-01
   1.373874338     -0.7637525119E-01
   1.373874338     -0.7637525119E-01
   1.403313001     -0.7638750887E-01
   1.432751663     -0.7643629635E-01
   1.462190326     -0.7652061069E-01
   1.491628988     -0.7676622947E-01
   1.521067651     -0.7728309315E-01
   1.550506313     -0.7817618344E-01
   1.579944976     -0.7951811783E-01
   1.609383638     -0.8124728052E-01
   1.638822300     -0.8343005931E-01
   1.668260963     -0.8588554860E-01
   1.697699625     -0.8848476548E-01
   1.727138288     -0.9110934897E-01
   1.756576950     -0.9364384561E-01
   1.786015613     -0.9605249721E-01
   1.815454275     -0.9227337285E-01
   1.844892938     -0.8721594771E-01
   1.874331600     -0.8166757204E-01
   1.903770263     -0.7563906876E-01
   1.933208925     -0.6925104051E-01
   1.962647587     -0.6276110275E-01
   1.992086250     -0.5693632752E-01
   2.021524912     -0.5415285192E-01
   2.021524912     -0.5415285192E-01
   2.050902939     -0.5429263428E-01
   2.080280966     -0.5470897370E-01
   2.109658992     -0.5539281891E-01
   2.139037019     -0.6190568761E-01
   2.168415046     -0.7299076583E-01
   2.197793072     -0.8331776187E-01
   2.227171099     -0.9228195709E-01
   2.256549125     -0.9955741776E-01
   2.285927152     -0.1017986117    
   2.315305179     -0.1010404677    
   2.344683205     -0.1002228811    
   2.374061232     -0.9959461339E-01
   2.403439259     -0.9908359644E-01
   2.432817285     -0.9873467065E-01
   2.462195312     -0.9858797314E-01
   2.491573338     -0.9866963214E-01
   2.520951365     -0.9898225284E-01
   2.550329392     -0.9950041938E-01
   2.579707418     -0.1001747581    
   2.609085445     -0.1009425119    
   2.638463472     -0.1017389599    
   2.667841498     -0.1025053128    
   2.697219525     -0.1031149863    
   2.726597552     -0.1036891446    
   2.755975578     -0.1041174071    
   2.785353605     -0.1044777699    
   2.814731631     -0.1046548591    
     
   0.000000000     -0.7484692825E-01
  0.2862238205E-01 -0.7495727275E-01
  0.5724476410E-01 -0.7529101315E-01
  0.8586714614E-01 -0.7585811656E-01
  0.1144895282     -0.7682011088E-01
  0.1431119102     -0.7781317569E-01
  0.1717342923     -0.7898998944E-01
  0.2003566743     -0.8032806326E-01
  0.2289790564     -0.8179982776E-01
  0.2576014384     -0.8337003989E-01
  0.2862238205     -0.8499505243E-01
  0.3148462025     -0.8662062097E-01
  0.3434685846     -0.8803020689E-01
  0.3720909666     -0.8816948827E-01
  0.4007133487     -0.8573269922E-01
  0.4293357307     -0.8318506940E-01
  0.4579581128     -0.8054525925E-01
  0.4865804948     -0.7783425207E-01
  0.5152028769     -0.7507536825E-01
  0.5438252589     -0.7229438388E-01
  0.5724476410     -0.6951939475E-01
  0.6010700230     -0.6678076159E-01
  0.6296924051     -0.6427124661E-01
  0.6583147871     -0.5880411068E-01
  0.6869371692     -0.5807581921E-01
  0.7155595512     -0.5706359926E-01
  0.7441819332     -0.5503198664E-01
  0.7728043153     -0.5324277494E-01
  0.8014266973     -0.5187595678E-01
  0.8300490794     -0.5067888719E-01
  0.8586714614     -0.4980663928E-01
  0.8872938435     -0.4927624330E-01
  0.9159162255     -0.4909825549E-01
  0.9159162255     -0.4909825549E-01
  0.9464467664     -0.4909626590E-01
  0.9769773072     -0.4909032653E-01
   1.007507848     -0.4908055746E-01
   1.038038389     -0.4906717101E-01
   1.068568930     -0.4905044000E-01
   1.099099471     -0.4903067749E-01
   1.129630011     -0.4900826515E-01
   1.160160552     -0.4898717775E-01
   1.190691093     -0.4896202351E-01
   1.221221634     -0.4893574092E-01
   1.251752175     -0.4890876506E-01
   1.282282716     -0.4888148758E-01
   1.312813257     -0.4885422120E-01
   1.343343797     -0.4854355167E-01
   1.373874338     -0.4854393116E-01
   1.373874338     -0.4854393116E-01
   1.403313001     -0.4897950295E-01
   1.432751663     -0.4958046270E-01
   1.462190326     -0.5050379722E-01
   1.491628988     -0.5164477592E-01
   1.521067651     -0.5289483620E-01
   1.550506313     -0.5403872528E-01
   1.579944976     -0.5498161888E-01
   1.609383638     -0.5563353176E-01
   1.638822300     -0.5602365716E-01
   1.668260963     -0.5617185391E-01
   1.697699625     -0.5613972764E-01
   1.727138288     -0.5598730921E-01
   1.756576950     -0.5569202441E-01
   1.786015613     -0.5544158266E-01
   1.815454275     -0.5518332942E-01
   1.844892938     -0.5491562866E-01
   1.874331600     -0.5469393832E-01
   1.903770263     -0.5450396316E-01
   1.933208925     -0.5435172189E-01
   1.962647587     -0.5424049776E-01
   1.992086250     -0.5417533145E-01
   2.021524912     -0.5415273369E-01
   2.021524912     -0.5415273369E-01
   2.050902939     -0.5429252262E-01
   2.080280966     -0.5470885614E-01
   2.109658992     -0.5539270124E-01
   2.139037019     -0.5632924164E-01
   2.168415046     -0.5749758353E-01
   2.197793072     -0.5887167992E-01
   2.227171099     -0.6042001025E-01
   2.256549125     -0.6210585964E-01
   2.285927152     -0.6401184162E-01
   2.315305179     -0.6579962587E-01
   2.344683205     -0.6762133318E-01
   2.374061232     -0.6940496728E-01
   2.403439259     -0.7106826256E-01
   2.432817285     -0.7255033746E-01
   2.462195312     -0.7379627137E-01
   2.491573338     -0.7476652223E-01
   2.520951365     -0.7544654909E-01
   2.550329392     -0.7585132388E-01
   2.579707418     -0.7602122133E-01
   2.609085445     -0.7601139750E-01
   2.638463472     -0.7588026603E-01
   2.667841498     -0.7568146875E-01
   2.697219525     -0.7532083496E-01
   2.726597552     -0.7512684219E-01
   2.755975578     -0.7496976933E-01
   2.785353605     -0.7487570302E-01
   2.814731631     -0.7484692825E-01
     
   0.000000000     -0.7484692825E-01
  0.2862238205E-01 -0.7478696542E-01
  0.5724476410E-01 -0.7464369567E-01
  0.8586714614E-01 -0.7440488723E-01
  0.1144895282     -0.7408158361E-01
  0.1431119102     -0.7365979027E-01
  0.1717342923     -0.7315179397E-01
  0.2003566743     -0.7256234769E-01
  0.2289790564     -0.7213480175E-01
  0.2576014384     -0.7141930989E-01
  0.2862238205     -0.7064218449E-01
  0.3148462025     -0.6981089499E-01
  0.3434685846     -0.6893343834E-01
  0.3720909666     -0.6801825005E-01
  0.4007133487     -0.6707414031E-01
  0.4293357307     -0.6611020806E-01
  0.4579581128     -0.6513576417E-01
  0.4865804948     -0.6416023556E-01
  0.5152028769     -0.6319306912E-01
  0.5438252589     -0.6224366187E-01
  0.5724476410     -0.6132123848E-01
  0.6010700230     -0.6043480779E-01
  0.6296924051     -0.5959301927E-01
  0.6583147871     -0.5347000724E-01
  0.6869371692     -0.4035669030E-01
  0.7155595512     -0.2583203342E-01
  0.7441819332     -0.1036540205E-01
  0.7728043153      0.5500214921E-02
  0.8014266973      0.2107663666E-01
  0.8300490794      0.3552774389E-01
  0.8586714614      0.4762537976E-01
  0.8872938435      0.5586978716E-01
  0.9159162255      0.5882645303E-01
  0.9159162255      0.5882645303E-01
  0.9464467664      0.6019595024E-01
  0.9769773072      0.6416920647E-01
   1.007507848      0.7040945274E-01
   1.038038389      0.7851682160E-01
   1.068568930      0.8813097715E-01
   1.099099471      0.9896881104E-01
   1.129630011      0.1108219320    
   1.160160552      0.1235662214    
   1.190691093      0.1370415094    
   1.221221634      0.1511972552    
   1.251752175      0.1659764115    
   1.282282716      0.1813357736    
   1.312813257      0.1972415090    
   1.343343797      0.2137382989    
   1.373874338      0.2306553891    
   1.373874338      0.2306553891    
   1.403313001      0.2261682508    
   1.432751663      0.2151560055    
   1.462190326      0.2010800079    
   1.491628988      0.1858099556    
   1.521067651      0.1701662330    
   1.550506313      0.1545571633    
   1.579944976      0.1391589728    
   1.609383638      0.1241025693    
   1.638822300      0.1093855856    
   1.668260963      0.9507418790E-01
   1.697699625      0.8119051586E-01
   1.727138288      0.6774957198E-01
   1.756576950      0.5479255485E-01
   1.786015613      0.4227099490E-01
   1.815454275      0.3022462292E-01
   1.844892938      0.1868144619E-01
   1.874331600      0.7638708837E-02
   1.903770263     -0.2843121202E-02
   1.933208925     -0.1266865456E-01
   1.962647587     -0.2159489974E-01
   1.992086250     -0.2887646669E-01
   2.021524912     -0.3214389043E-01
   2.021524912     -0.3214389043E-01
   2.050902939     -0.3460651557E-01
   2.080280966     -0.4135443538E-01
   2.109658992     -0.5095543965E-01
   2.139037019     -0.5632912383E-01
   2.168415046     -0.5749747210E-01
   2.197793072     -0.5887156832E-01
   2.227171099     -0.6041989844E-01
   2.256549125     -0.6210574761E-01
   2.285927152     -0.6401172677E-01
   2.315305179     -0.6579949269E-01
   2.344683205     -0.6762120209E-01
   2.374061232     -0.6940484244E-01
   2.403439259     -0.7106813739E-01
   2.432817285     -0.7255021858E-01
   2.462195312     -0.7379615891E-01
   2.491573338     -0.7476642287E-01
   2.520951365     -0.7544646283E-01
   2.550329392     -0.7585125077E-01
   2.579707418     -0.7602116818E-01
   2.609085445     -0.7601135773E-01
   2.638463472     -0.7588023949E-01
   2.667841498     -0.7568145551E-01
   2.697219525     -0.7532082856E-01
   2.726597552     -0.7512683580E-01
   2.755975578     -0.7496976295E-01
   2.785353605     -0.7487569660E-01
   2.814731631     -0.7484692825E-01
     
   0.000000000      0.8325424711    
  0.2862238205E-01  0.8312682846    
  0.5724476410E-01  0.8275287127    
  0.8586714614E-01  0.8217102157    
  0.1144895282      0.8143148474    
  0.1431119102      0.8058310752    
  0.1717342923      0.7966774522    
  0.2003566743      0.7871839668    
  0.2289790564      0.7775985410    
  0.2576014384      0.7658649742    
  0.2862238205      0.7448892844    
  0.3148462025      0.7243569974    
  0.3434685846      0.7043394141    
  0.3720909666      0.6848952704    
  0.4007133487      0.6660752723    
  0.4293357307      0.6479250579    
  0.4579581128      0.6304872297    
  0.4865804948      0.6138027373    
  0.5152028769      0.5979118792    
  0.5438252589      0.5823373426    
  0.5724476410      0.5490103829    
  0.6010700230      0.5161400786    
  0.6296924051      0.4839026656    
  0.6583147871      0.4524913954    
  0.6869371692      0.4220583450    
  0.7155595512      0.3927974517    
  0.7441819332      0.3649605023    
  0.7728043153      0.3389003847    
  0.8014266973      0.3150550661    
  0.8300490794      0.2943475760    
  0.8586714614      0.2778307393    
  0.8872938435      0.2669537223    
  0.9159162255      0.2631225896    
  0.9159162255      0.2631225896    
  0.9464467664      0.2633029171    
  0.9769773072      0.2638467065    
   1.007507848      0.2647623225    
   1.038038389      0.2660635982    
   1.068568930      0.2677696419    
   1.099099471      0.2699081229    
   1.129630011      0.2724998015    
   1.160160552      0.2755742269    
   1.190691093      0.2791779662    
   1.221221634      0.2833369348    
   1.251752175      0.2880748968    
   1.282282716      0.2841266978    
   1.312813257      0.2658663303    
   1.343343797      0.2480439028    
   1.373874338      0.2306554091    
   1.373874338      0.2306554091    
   1.403313001      0.2282876843    
   1.432751663      0.2221302908    
   1.462190326      0.2139642835    
   1.491628988      0.2051490006    
   1.521067651      0.1963837972    
   1.550506313      0.1882139015    
   1.579944976      0.1807574914    
   1.609383638      0.1740873756    
   1.638822300      0.1682058624    
   1.668260963      0.1630822663    
   1.697699625      0.1586635495    
   1.727138288      0.1548870381    
   1.756576950      0.1517368747    
   1.786015613      0.1490484770    
   1.815454275      0.1468147192    
   1.844892938      0.1449864702    
   1.874331600      0.1435119783    
   1.903770263      0.1423565786    
   1.933208925      0.1414799047    
   1.962647587      0.1408777085    
   1.992086250      0.1404941060    
   2.021524912      0.1403764959    
   2.021524912      0.1403764959    
   2.050902939      0.1439894504    
   2.080280966      0.1542866195    
   2.109658992      0.1697773051    
   2.139037019      0.1891737249    
   2.168415046      0.2114468047    
   2.197793072      0.2359017330    
   2.227171099      0.2620829324    
   2.256549125      0.2896886629    
   2.285927152      0.3184957206    
   2.315305179      0.3484320699    
   2.344683205      0.3793034613    
   2.374061232      0.4110497870    
   2.403439259      0.4436121162    
   2.432817285      0.4769295225    
   2.462195312      0.5109425984    
   2.491573338      0.5455870712    
   2.520951365      0.5807854052    
   2.550329392      0.6164337025    
   2.579707418      0.6523780661    
   2.609085445      0.6883669298    
   2.638463472      0.7239435763    
   2.667841498      0.7581789436    
   2.697219525      0.7890477885    
   2.726597552      0.8124873284    
   2.755975578      0.8255944624    
   2.785353605      0.8310950533    
   2.814731631      0.8325424711    
     
   0.000000000      0.9251694080    
  0.2862238205E-01  0.9207019536    
  0.5724476410E-01  0.9087296619    
  0.8586714614E-01  0.8919789060    
  0.1144895282      0.8725828980    
  0.1431119102      0.8518224627    
  0.1717342923      0.8304237290    
  0.2003566743      0.8088134990    
  0.2289790564      0.7871930384    
  0.2576014384      0.7658652099    
  0.2862238205      0.7448895084    
  0.3148462025      0.7243572157    
  0.3434685846      0.7043396192    
  0.3720909666      0.6848954713    
  0.4007133487      0.6660754663    
  0.4293357307      0.6479252463    
  0.4579581128      0.6304874105    
  0.4865804948      0.6138029145    
  0.5152028769      0.5979120518    
  0.5438252589      0.5828549471    
  0.5724476410      0.5686726451    
  0.6010700230      0.5554063098    
  0.6296924051      0.5430560282    
  0.6583147871      0.5317504688    
  0.6869371692      0.5214881900    
  0.7155595512      0.5123110245    
  0.7441819332      0.5042594688    
  0.7728043153      0.4973718187    
  0.8014266973      0.4916754911    
  0.8300490794      0.4872169931    
  0.8586714614      0.4840134068    
  0.8872938435      0.4820835130    
  0.9159162255      0.4814389026    
  0.9159162255      0.4814389026    
  0.9464467664      0.4779217954    
  0.9769773072      0.4682098059    
   1.007507848      0.4541020950    
   1.038038389      0.4372783571    
   1.068568930      0.4189107418    
   1.099099471      0.3997510711    
   1.129630011      0.3802181505    
   1.160160552      0.3605950513    
   1.190691093      0.3410801275    
   1.221221634      0.3217816193    
   1.251752175      0.3027786447    
   1.282282716      0.2933888040    
   1.312813257      0.2991868455    
   1.343343797      0.3050644452    
   1.373874338      0.3083320370    
   1.373874338      0.3083320370    
   1.403313001      0.3133367365    
   1.432751663      0.3259943955    
   1.462190326      0.3428797578    
   1.491628988      0.3620856240    
   1.521067651      0.3827771604    
   1.550506313      0.4045699294    
   1.579944976      0.4272692717    
   1.609383638      0.4507846183    
   1.638822300      0.4750126521    
   1.668260963      0.4999253872    
   1.697699625      0.5254823781    
   1.727138288      0.5516417089    
   1.756576950      0.5783781959    
   1.786015613      0.6055655840    
   1.815454275      0.6331234439    
   1.844892938      0.6608802959    
   1.874331600      0.6885215506    
   1.903770263      0.7154793385    
   1.933208925      0.7405755055    
   1.962647587      0.7612536232    
   1.992086250      0.7734627582    
   2.021524912      0.7768303863    
   2.021524912      0.7768303863    
   2.050902939      0.7771959888    
   2.080280966      0.7782917852    
   2.109658992      0.7800967744    
   2.139037019      0.7825925412    
   2.168415046      0.7857463845    
   2.197793072      0.7895145814    
   2.227171099      0.7938412191    
   2.256549125      0.7986568292    
   2.285927152      0.8038567308    
   2.315305179      0.8093869814    
   2.344683205      0.8151194245    
   2.374061232      0.8208827827    
   2.403439259      0.8265541164    
   2.432817285      0.8319823446    
   2.462195312      0.8370223263    
   2.491573338      0.8415512532    
   2.520951365      0.8454890898    
   2.550329392      0.8488211171    
   2.579707418      0.8516224977    
   2.609085445      0.8540925807    
   2.638463472      0.8566293084    
   2.667841498      0.8600353494    
   2.697219525      0.8660670717    
   2.726597552      0.8779855527    
   2.755975578      0.8970395970    
   2.785353605      0.9165010990    
   2.814731631      0.9251694080    
     
   0.000000000      0.9251697094    
  0.2862238205E-01  0.9207021649    
  0.5724476410E-01  0.9087298728    
  0.8586714614E-01  0.8919791107    
  0.1144895282      0.8725830956    
  0.1431119102      0.8518226546    
  0.1717342923      0.8304239145    
  0.2003566743      0.8088136778    
  0.2289790564      0.7871932768    
  0.2576014384      0.7681020875    
  0.2862238205      0.7588241878    
  0.3148462025      0.7498560917    
  0.3434685846      0.7412608590    
  0.3720909666      0.7330808602    
  0.4007133487      0.7253432649    
  0.4293357307      0.7127750462    
  0.4579581128      0.6818335848    
  0.4865804948      0.6492291702    
  0.5152028769      0.6158682369    
  0.5438252589      0.5828551121    
  0.5724476410      0.5686728052    
  0.6010700230      0.5554064629    
  0.6296924051      0.5430562349    
  0.6583147871      0.5317506669    
  0.6869371692      0.5214883836    
  0.7155595512      0.5123112170    
  0.7441819332      0.5042596642    
  0.7728043153      0.4973720097    
  0.8014266973      0.4916756993    
  0.8300490794      0.4872171923    
  0.8586714614      0.4840136075    
  0.8872938435      0.4820837132    
  0.9159162255      0.4814391058    
  0.9159162255      0.4814391058    
  0.9464467664      0.4791900259    
  0.9769773072      0.4727835252    
   1.007507848      0.4630676520    
   1.038038389      0.4510505131    
   1.068568930      0.4376417505    
   1.099099471      0.4235581323    
   1.129630011      0.4093224204    
   1.160160552      0.3953248810    
   1.190691093      0.3818035766    
   1.221221634      0.3689579740    
   1.251752175      0.3569264540    
   1.282282716      0.3458311202    
   1.312813257      0.3358490120    
   1.343343797      0.3275149280    
   1.373874338      0.3233975373    
   1.373874338      0.3233975373    
   1.403313001      0.3270389988    
   1.432751663      0.3370066504    
   1.462190326      0.3514899354    
   1.491628988      0.3690686689    
   1.521067651      0.3888823305    
   1.550506313      0.4104396869    
   1.579944976      0.4334307161    
   1.609383638      0.4576639449    
   1.638822300      0.4829592509    
   1.668260963      0.5092075249    
   1.697699625      0.5362981756    
   1.727138288      0.5641220397    
   1.756576950      0.5925679089    
   1.786015613      0.6214835523    
   1.815454275      0.6506958229    
   1.844892938      0.6799717843    
   1.874331600      0.7089225980    
   1.903770263      0.7369921484    
   1.933208925      0.7632260627    
   1.962647587      0.7859510558    
   1.992086250      0.8023049747    
   2.021524912      0.8084580710    
   2.021524912      0.8084580710    
   2.050902939      0.8086604651    
   2.080280966      0.8092673904    
   2.109658992      0.8102781629    
   2.139037019      0.8116918408    
   2.168415046      0.8135075144    
   2.197793072      0.8157245524    
   2.227171099      0.8183428439    
   2.256549125      0.8213628618    
   2.285927152      0.8247624293    
   2.315305179      0.8285967073    
   2.344683205      0.8328395708    
   2.374061232      0.8374745177    
   2.403439259      0.8425144430    
   2.432817285      0.8479559352    
   2.462195312      0.8537914403    
   2.491573338      0.8600071360    
   2.520951365      0.8665800585    
   2.550329392      0.8734739880    
   2.579707418      0.8806335963    
   2.609085445      0.8879759459    
   2.638463472      0.8953782946    
   2.667841498      0.9026612131    
   2.697219525      0.9095975301    
   2.726597552      0.9157661999    
   2.755975578      0.9207441485    
   2.785353605      0.9240203647    
   2.814731631      0.9251697094    
     
   0.000000000      0.9251697094    
  0.2862238205E-01  0.9232686004    
  0.5724476410E-01  0.9178138266    
  0.8586714614E-01  0.9094425340    
  0.1144895282      0.8989073619    
  0.1431119102      0.8869437202    
  0.1717342923      0.8740731141    
  0.2003566743      0.8606591830    
  0.2289790564      0.8468935754    
  0.2576014384      0.8328038093    
  0.2862238205      0.8182068610    
  0.3148462025      0.8026468595    
  0.3434685846      0.7853506378    
  0.3720909666      0.7650542062    
  0.4007133487      0.7408523959    
  0.4293357307      0.7180641214    
  0.4579581128      0.7112513002    
  0.4865804948      0.7049067306    
  0.5152028769      0.6990280449    
  0.5438252589      0.6936098637    
  0.5724476410      0.6886447768    
  0.6010700230      0.6841240694    
  0.6296924051      0.6800199930    
  0.6583147871      0.6763564555    
  0.6869371692      0.6731081347    
  0.7155595512      0.6702658817    
  0.7441819332      0.6678212051    
  0.7728043153      0.6657664320    
  0.8014266973      0.6640930144    
  0.8300490794      0.6627986270    
  0.8586714614      0.6618772884    
  0.8872938435      0.6613257883    
  0.9159162255      0.6611421707    
  0.9159162255      0.6611421707    
  0.9464467664      0.6653107445    
  0.9769773072      0.6769767299    
   1.007507848      0.6943408402    
   1.038038389      0.7157229896    
   1.068568930      0.7399504262    
   1.099099471      0.7662871827    
   1.129630011      0.7942807702    
   1.160160552      0.8236207292    
   1.190691093      0.8541847265    
   1.221221634      0.8858260463    
   1.251752175      0.9184624428    
   1.282282716      0.9520343755    
   1.312813257      0.9864959751    
   1.343343797       1.021882021    
   1.373874338       1.058013685    
   1.373874338       1.058013685    
   1.403313001       1.044793426    
   1.432751663       1.024430835    
   1.462190326       1.003857725    
   1.491628988      0.9838395082    
   1.521067651      0.9645701173    
   1.550506313      0.9461341789    
   1.579944976      0.9285843531    
   1.609383638      0.9119660454    
   1.638822300      0.8963070480    
   1.668260963      0.8816470448    
   1.697699625      0.8680208168    
   1.727138288      0.8554637578    
   1.756576950      0.8440228632    
   1.786015613      0.8337166076    
   1.815454275      0.8246028939    
   1.844892938      0.8167496162    
   1.874331600      0.8102317635    
   1.903770263      0.8052308851    
   1.933208925      0.8021376465    
   1.962647587      0.8019533878    
   1.992086250      0.8055571994    
   2.021524912      0.8084584388    
   2.021524912      0.8084584388    
   2.050902939      0.8086608330    
   2.080280966      0.8092677561    
   2.109658992      0.8102785290    
   2.139037019      0.8116922139    
   2.168415046      0.8135078880    
   2.197793072      0.8157249266    
   2.227171099      0.8183432188    
   2.256549125      0.8213632375    
   2.285927152      0.8247628617    
   2.315305179      0.8285971135    
   2.344683205      0.8328399772    
   2.374061232      0.8374749317    
   2.403439259      0.8425148514    
   2.432817285      0.8479563447    
   2.462195312      0.8537918504    
   2.491573338      0.8600075467    
   2.520951365      0.8665804632    
   2.550329392      0.8734743935    
   2.579707418      0.8806339950    
   2.609085445      0.8879763370    
   2.638463472      0.8953786860    
   2.667841498      0.9026615905    
   2.697219525      0.9095978437    
   2.726597552      0.9157665066    
   2.755975578      0.9207444484    
   2.785353605      0.9240206408    
   2.814731631      0.9251697094    
     
   0.000000000       1.065732961    
  0.2862238205E-01   1.067971615    
  0.5724476410E-01   1.074500295    
  0.8586714614E-01   1.084940245    
  0.1144895282       1.098794800    
  0.1431119102       1.115562943    
  0.1717342923       1.110317857    
  0.2003566743       1.074719401    
  0.2289790564       1.037239643    
  0.2576014384      0.9994285051    
  0.2862238205      0.9622787850    
  0.3148462025      0.9267153249    
  0.3434685846      0.8938561301    
  0.3720909666      0.8650362664    
  0.4007133487      0.8413408104    
  0.4293357307      0.8228194115    
  0.4579581128      0.8085118635    
  0.4865804948      0.7972492472    
  0.5152028769      0.7881451732    
  0.5438252589      0.7806265963    
  0.5724476410      0.7743316741    
  0.6010700230      0.7690235868    
  0.6296924051      0.7645354016    
  0.6583147871      0.7607523130    
  0.6869371692      0.7575772572    
  0.7155595512      0.7549349086    
  0.7441819332      0.7527631896    
  0.7728043153      0.7510104864    
  0.8014266973      0.7496237070    
  0.8300490794      0.7485871086    
  0.8586714614      0.7478656600    
  0.8872938435      0.7474403885    
  0.9159162255      0.7472998943    
  0.9159162255      0.7472998943    
  0.9464467664      0.7506601153    
  0.9769773072      0.7603964015    
   1.007507848      0.7756482265    
   1.038038389      0.7953848198    
   1.068568930      0.8186602701    
   1.099099471      0.8447041531    
   1.129630011      0.8729067286    
   1.160160552      0.9028110502    
   1.190691093      0.9338686038    
   1.221221634      0.9656111732    
   1.251752175      0.9973540070    
   1.282282716       1.027989036    
   1.312813257       1.055481819    
   1.343343797       1.076052465    
   1.373874338       1.058013878    
   1.373874338       1.058013878    
   1.403313001       1.057689112    
   1.432751663       1.056737976    
   1.462190326       1.055214383    
   1.491628988       1.053183268    
   1.521067651       1.050672540    
   1.550506313       1.047872655    
   1.579944976       1.044803710    
   1.609383638       1.041593209    
   1.638822300       1.038133504    
   1.668260963       1.034519124    
   1.697699625       1.030738356    
   1.727138288       1.026745603    
   1.756576950       1.022493424    
   1.786015613       1.017753523    
   1.815454275       1.012352073    
   1.844892938       1.006015074    
   1.874331600      0.9983373251    
   1.903770263      0.9890335052    
   1.933208925      0.9781447034    
   1.962647587      0.9666382807    
   1.992086250      0.9570118980    
   2.021524912      0.9530963740    
   2.021524912      0.9530963740    
   2.050902939      0.9537833338    
   2.080280966      0.9558417612    
   2.109658992      0.9592642361    
   2.139037019      0.9640381225    
   2.168415046      0.9701452481    
   2.197793072      0.9775613706    
   2.227171099      0.9862555096    
   2.256549125      0.9961889209    
   2.285927152       1.007250810    
   2.315305179       1.019505257    
   2.344683205       1.032821496    
   2.374061232       1.047078831    
   2.403439259       1.062142259    
   2.432817285       1.077788361    
   2.462195312       1.086507192    
   2.491573338       1.085430720    
   2.520951365       1.085675012    
   2.550329392       1.087241300    
   2.579707418       1.090007777    
   2.609085445       1.093695971    
   2.638463472       1.097813387    
   2.667841498       1.101518898    
   2.697219525       1.090586845    
   2.726597552       1.080509642    
   2.755975578       1.072598549    
   2.785353605       1.067501531    
   2.814731631       1.065732961    
     
