  -5.670000000       0.000000000    
  -5.647320000       0.000000000    
  -5.624640000       0.000000000    
  -5.601960000       0.000000000    
  -5.579280000       0.000000000    
  -5.556600000       0.000000000    
  -5.533920000       0.000000000    
  -5.511240000       0.000000000    
  -5.488560000       0.000000000    
  -5.465880000       0.000000000    
  -5.443200000       0.000000000    
  -5.420520000       0.000000000    
  -5.397840000       0.000000000    
  -5.375160000       0.000000000    
  -5.352480000       0.000000000    
  -5.329800000       0.000000000    
  -5.307120000       0.000000000    
  -5.284440000       0.000000000    
  -5.261760000       0.000000000    
  -5.239080000       0.000000000    
  -5.216400000       0.000000000    
  -5.193720000       0.000000000    
  -5.171040000       0.000000000    
  -5.148360000       0.000000000    
  -5.125680000       0.000000000    
  -5.103000000       0.000000000    
  -5.080320000       0.000000000    
  -5.057640000       0.000000000    
  -5.034960000       0.000000000    
  -5.012280000       0.000000000    
  -4.989600000       0.000000000    
  -4.966920000       0.000000000    
  -4.944240000       0.000000000    
  -4.921560000       0.000000000    
  -4.898880000       0.000000000    
  -4.876200000       0.000000000    
  -4.853520000       0.000000000    
  -4.830840000       0.000000000    
  -4.808160000       0.000000000    
  -4.785480000       0.000000000    
  -4.762800000       0.000000000    
  -4.740120000       0.000000000    
  -4.717440000       0.000000000    
  -4.694760000       0.000000000    
  -4.672080000       0.000000000    
  -4.649400000       0.000000000    
  -4.626720000       0.000000000    
  -4.604040000       0.000000000    
  -4.581360000       0.000000000    
  -4.558680000       0.000000000    
  -4.536000000       0.000000000    
  -4.513320000       0.000000000    
  -4.490640000       0.000000000    
  -4.467960000       0.000000000    
  -4.445280000       0.000000000    
  -4.422600000       0.000000000    
  -4.399920000       0.000000000    
  -4.377240000       0.000000000    
  -4.354560000       0.000000000    
  -4.331880000       0.000000000    
  -4.309200000       0.000000000    
  -4.286520000       0.000000000    
  -4.263840000       0.000000000    
  -4.241160000       0.000000000    
  -4.218480000       0.000000000    
  -4.195800000       0.000000000    
  -4.173120000       0.000000000    
  -4.150440000       0.000000000    
  -4.127760000       0.000000000    
  -4.105080000       0.000000000    
  -4.082400000       0.000000000    
  -4.059720000       0.000000000    
  -4.037040000       0.000000000    
  -4.014360000       0.000000000    
  -3.991680000       0.000000000    
  -3.969000000       0.000000000    
  -3.946320000       0.000000000    
  -3.923640000       0.000000000    
  -3.900960000       0.000000000    
  -3.878280000       0.000000000    
  -3.855600000       0.000000000    
  -3.832920000       0.000000000    
  -3.810240000       0.000000000    
  -3.787560000       0.000000000    
  -3.764880000       0.000000000    
  -3.742200000       0.000000000    
  -3.719520000       0.000000000    
  -3.696840000       0.000000000    
  -3.674160000       0.000000000    
  -3.651480000       0.000000000    
  -3.628800000       0.000000000    
  -3.606120000       0.000000000    
  -3.583440000       0.000000000    
  -3.560760000       0.000000000    
  -3.538080000       0.000000000    
  -3.515400000       0.000000000    
  -3.492720000       0.000000000    
  -3.470040000       0.000000000    
  -3.447360000       0.000000000    
  -3.424680000       0.000000000    
  -3.402000000       0.000000000    
  -3.379320000       0.000000000    
  -3.356640000       0.000000000    
  -3.333960000       0.000000000    
  -3.311280000       0.000000000    
  -3.288600000       0.000000000    
  -3.265920000       0.000000000    
  -3.243240000       0.000000000    
  -3.220560000       0.000000000    
  -3.197880000       0.000000000    
  -3.175200000       0.000000000    
  -3.152520000       0.000000000    
  -3.129840000       0.000000000    
  -3.107160000       0.000000000    
  -3.084480000       0.000000000    
  -3.061800000       0.000000000    
  -3.039120000       0.000000000    
  -3.016440000       0.000000000    
  -2.993760000       0.000000000    
  -2.971080000       0.000000000    
  -2.948400000       0.000000000    
  -2.925720000       0.000000000    
  -2.903040000       0.000000000    
  -2.880360000       0.000000000    
  -2.857680000       0.000000000    
  -2.835000000       0.000000000    
  -2.812320000       0.000000000    
  -2.789640000       0.000000000    
  -2.766960000       0.000000000    
  -2.744280000       0.000000000    
  -2.721600000       0.000000000    
  -2.698920000       0.000000000    
  -2.676240000       0.000000000    
  -2.653560000       0.000000000    
  -2.630880000       0.000000000    
  -2.608200000       0.000000000    
  -2.585520000       0.000000000    
  -2.562840000       264.5502646    
  -2.540160000       0.000000000    
  -2.517480000       0.000000000    
  -2.494800000       0.000000000    
  -2.472120000       0.000000000    
  -2.449440000       0.000000000    
  -2.426760000       0.000000000    
  -2.404080000       0.000000000    
  -2.381400000       0.000000000    
  -2.358720000       0.000000000    
  -2.336040000       0.000000000    
  -2.313360000       0.000000000    
  -2.290680000       0.000000000    
  -2.268000000       0.000000000    
  -2.245320000       0.000000000    
  -2.222640000       0.000000000    
  -2.199960000       0.000000000    
  -2.177280000       0.000000000    
  -2.154600000       0.000000000    
  -2.131920000       0.000000000    
  -2.109240000       0.000000000    
  -2.086560000       0.000000000    
  -2.063880000       0.000000000    
  -2.041200000       0.000000000    
  -2.018520000       0.000000000    
  -1.995840000       0.000000000    
  -1.973160000       0.000000000    
  -1.950480000       0.000000000    
  -1.927800000       0.000000000    
  -1.905120000       0.000000000    
  -1.882440000       0.000000000    
  -1.859760000       0.000000000    
  -1.837080000       0.000000000    
  -1.814400000       0.000000000    
  -1.791720000       0.000000000    
  -1.769040000       0.000000000    
  -1.746360000       0.000000000    
  -1.723680000       0.000000000    
  -1.701000000       0.000000000    
  -1.678320000       0.000000000    
  -1.655640000       0.000000000    
  -1.632960000       0.000000000    
  -1.610280000       0.000000000    
  -1.587600000       0.000000000    
  -1.564920000       0.000000000    
  -1.542240000       0.000000000    
  -1.519560000       0.000000000    
  -1.496880000       0.000000000    
  -1.474200000       0.000000000    
  -1.451520000       0.000000000    
  -1.428840000       0.000000000    
  -1.406160000       0.000000000    
  -1.383480000       0.000000000    
  -1.360800000       0.000000000    
  -1.338120000       0.000000000    
  -1.315440000       0.000000000    
  -1.292760000       0.000000000    
  -1.270080000       0.000000000    
  -1.247400000       0.000000000    
  -1.224720000       0.000000000    
  -1.202040000       0.000000000    
  -1.179360000       0.000000000    
  -1.156680000       0.000000000    
  -1.134000000       0.000000000    
  -1.111320000       0.000000000    
  -1.088640000       0.000000000    
  -1.065960000       0.000000000    
  -1.043280000       0.000000000    
  -1.020600000       0.000000000    
 -0.9979200000       0.000000000    
 -0.9752400000       0.000000000    
 -0.9525600000       0.000000000    
 -0.9298800000       0.000000000    
 -0.9072000000       0.000000000    
 -0.8845200000       0.000000000    
 -0.8618400000       0.000000000    
 -0.8391600000       0.000000000    
 -0.8164800000       0.000000000    
 -0.7938000000       0.000000000    
 -0.7711200000       0.000000000    
 -0.7484400000       0.000000000    
 -0.7257600000       0.000000000    
 -0.7030800000       0.000000000    
 -0.6804000000       0.000000000    
 -0.6577200000       0.000000000    
 -0.6350400000       0.000000000    
 -0.6123600000       0.000000000    
 -0.5896800000       0.000000000    
 -0.5670000000       0.000000000    
 -0.5443200000       0.000000000    
 -0.5216400000       0.000000000    
 -0.4989600000       0.000000000    
 -0.4762800000       0.000000000    
 -0.4536000000       0.000000000    
 -0.4309200000       0.000000000    
 -0.4082400000       0.000000000    
 -0.3855600000       0.000000000    
 -0.3628800000       0.000000000    
 -0.3402000000      0.3059964727E-01
 -0.3175200000       1.186596120    
 -0.2948400000       2.240917108    
 -0.2721600000       2.999470899    
 -0.2494800000       4.006525573    
 -0.2268000000       5.286067019    
 -0.2041200000       7.894532628    
 -0.1814400000       17.21807760    
 -0.1587600000       41.07751323    
 -0.1360800000       58.10952381    
 -0.1134000000       91.73941799    
 -0.9072000000E-01   89.41234568    
 -0.6804000000E-01   100.2730159    
 -0.4536000000E-01   44.94470899    
 -0.2268000000E-01   10.04656085    
   0.000000000       9.407936508    
  0.2268000000E-01   8.253439153    
  0.4536000000E-01   8.007936508    
  0.6804000000E-01   7.878571429    
  0.9072000000E-01   6.683597884    
  0.1134000000       5.693650794    
  0.1360800000       4.169841270    
  0.1587600000       3.931216931    
  0.1814400000       5.691005291    
  0.2041200000       7.896649030    
  0.2268000000       8.818871252    
  0.2494800000       7.852028219    
  0.2721600000       7.802557319    
  0.2948400000       8.343209877    
  0.3175200000       8.107583774    
  0.3402000000       9.781305115    
  0.3628800000       9.948500882    
  0.3855600000       9.989594356    
  0.4082400000       10.25202822    
  0.4309200000       10.92081129    
  0.4536000000       11.56472663    
  0.4762800000       12.91728395    
  0.4989600000       12.93350970    
  0.5216400000       11.71181658    
  0.5443200000       11.35008818    
  0.5670000000       10.67689594    
  0.5896800000       10.05255732    
  0.6123600000       9.586419753    
  0.6350400000       8.863668430    
  0.6577200000       8.475573192    
  0.6804000000       8.527336861    
  0.7030800000       9.202998236    
  0.7257600000       9.973544974    
  0.7484400000       11.29850088    
  0.7711200000       14.13439153    
  0.7938000000       18.34074074    
  0.8164800000       18.58077601    
  0.8391600000       17.42248677    
  0.8618400000       15.24708995    
  0.8845200000       12.32116402    
  0.9072000000       8.458553792    
  0.9298800000       6.347883598    
  0.9525600000       5.595590829    
  0.9752400000       5.732275132    
  0.9979200000       9.603527337    
   1.020600000       17.25361552    
   1.043280000       13.31181658    
   1.065960000       8.918430335    
   1.088640000       6.888888889    
   1.111320000       4.152557319    
   1.134000000       2.737037037    
   1.156680000       1.407936508    
   1.179360000      0.4910052910    
   1.202040000      0.3968253968E-01
   1.224720000      0.1058201058E-02
   1.247400000       0.000000000    
   1.270080000       0.000000000    
   1.292760000       0.000000000    
   1.315440000       0.000000000    
   1.338120000       0.000000000    
   1.360800000       0.000000000    
   1.383480000       0.000000000    
   1.406160000       0.000000000    
   1.428840000       0.000000000    
   1.451520000       0.000000000    
   1.474200000       0.000000000    
   1.496880000       0.000000000    
   1.519560000       0.000000000    
   1.542240000       0.000000000    
   1.564920000       0.000000000    
   1.587600000       0.000000000    
   1.610280000       0.000000000    
   1.632960000       0.000000000    
   1.655640000       0.000000000    
   1.678320000       0.000000000    
   1.701000000       0.000000000    
   1.723680000       0.000000000    
   1.746360000       0.000000000    
   1.769040000       0.000000000    
   1.791720000       0.000000000    
   1.814400000       0.000000000    
   1.837080000       0.000000000    
   1.859760000       0.000000000    
   1.882440000       0.000000000    
   1.905120000       0.000000000    
   1.927800000       0.000000000    
   1.950480000       0.000000000    
   1.973160000       0.000000000    
   1.995840000       0.000000000    
   2.018520000       0.000000000    
   2.041200000       0.000000000    
   2.063880000       0.000000000    
   2.086560000       0.000000000    
   2.109240000       0.000000000    
   2.131920000       0.000000000    
   2.154600000       0.000000000    
   2.177280000       0.000000000    
   2.199960000       0.000000000    
   2.222640000       0.000000000    
   2.245320000       0.000000000    
   2.268000000       0.000000000    
   2.290680000       0.000000000    
   2.313360000       0.000000000    
   2.336040000       0.000000000    
   2.358720000       0.000000000    
   2.381400000       0.000000000    
   2.404080000       0.000000000    
   2.426760000       0.000000000    
   2.449440000       0.000000000    
   2.472120000       0.000000000    
   2.494800000       0.000000000    
   2.517480000       0.000000000    
   2.540160000       0.000000000    
   2.562840000       0.000000000    
   2.585520000       0.000000000    
   2.608200000       0.000000000    
   2.630880000       0.000000000    
   2.653560000       0.000000000    
   2.676240000       0.000000000    
   2.698920000       0.000000000    
   2.721600000       0.000000000    
   2.744280000       0.000000000    
   2.766960000       0.000000000    
   2.789640000       0.000000000    
   2.812320000       0.000000000    
   2.835000000       0.000000000    
   2.857680000       0.000000000    
   2.880360000       0.000000000    
   2.903040000       0.000000000    
   2.925720000       0.000000000    
   2.948400000       0.000000000    
   2.971080000       0.000000000    
   2.993760000       0.000000000    
   3.016440000       0.000000000    
   3.039120000       0.000000000    
   3.061800000       0.000000000    
   3.084480000       0.000000000    
   3.107160000       0.000000000    
   3.129840000       0.000000000    
   3.152520000       0.000000000    
   3.175200000       0.000000000    
   3.197880000       0.000000000    
   3.220560000       0.000000000    
   3.243240000       0.000000000    
   3.265920000       0.000000000    
   3.288600000       0.000000000    
   3.311280000       0.000000000    
   3.333960000       0.000000000    
   3.356640000       0.000000000    
   3.379320000       0.000000000    
   3.402000000       0.000000000    
   3.424680000       0.000000000    
   3.447360000       0.000000000    
   3.470040000       0.000000000    
   3.492720000       0.000000000    
   3.515400000       0.000000000    
   3.538080000       0.000000000    
   3.560760000       0.000000000    
   3.583440000       0.000000000    
   3.606120000       0.000000000    
   3.628800000       0.000000000    
   3.651480000       0.000000000    
   3.674160000       0.000000000    
   3.696840000       0.000000000    
   3.719520000       0.000000000    
   3.742200000       0.000000000    
   3.764880000       0.000000000    
   3.787560000       0.000000000    
   3.810240000       0.000000000    
   3.832920000       0.000000000    
   3.855600000       0.000000000    
   3.878280000       0.000000000    
   3.900960000       0.000000000    
   3.923640000       0.000000000    
   3.946320000       0.000000000    
   3.969000000       0.000000000    
   3.991680000       0.000000000    
   4.014360000       0.000000000    
   4.037040000       0.000000000    
   4.059720000       0.000000000    
   4.082400000       0.000000000    
   4.105080000       0.000000000    
   4.127760000       0.000000000    
   4.150440000       0.000000000    
   4.173120000       0.000000000    
   4.195800000       0.000000000    
   4.218480000       0.000000000    
   4.241160000       0.000000000    
   4.263840000       0.000000000    
   4.286520000       0.000000000    
   4.309200000       0.000000000    
   4.331880000       0.000000000    
   4.354560000       0.000000000    
   4.377240000       0.000000000    
   4.399920000       0.000000000    
   4.422600000       0.000000000    
   4.445280000       0.000000000    
   4.467960000       0.000000000    
   4.490640000       0.000000000    
   4.513320000       0.000000000    
   4.536000000       0.000000000    
   4.558680000       0.000000000    
   4.581360000       0.000000000    
   4.604040000       0.000000000    
   4.626720000       0.000000000    
   4.649400000       0.000000000    
   4.672080000       0.000000000    
   4.694760000       0.000000000    
   4.717440000       0.000000000    
   4.740120000       0.000000000    
   4.762800000       0.000000000    
   4.785480000       0.000000000    
   4.808160000       0.000000000    
   4.830840000       0.000000000    
   4.853520000       0.000000000    
   4.876200000       0.000000000    
   4.898880000       0.000000000    
   4.921560000       0.000000000    
   4.944240000       0.000000000    
   4.966920000       0.000000000    
   4.989600000       0.000000000    
   5.012280000       0.000000000    
   5.034960000       0.000000000    
   5.057640000       0.000000000    
   5.080320000       0.000000000    
   5.103000000       0.000000000    
   5.125680000       0.000000000    
   5.148360000       0.000000000    
   5.171040000       0.000000000    
   5.193720000       0.000000000    
   5.216400000       0.000000000    
   5.239080000       0.000000000    
   5.261760000       0.000000000    
   5.284440000       0.000000000    
   5.307120000       0.000000000    
   5.329800000       0.000000000    
   5.352480000       0.000000000    
   5.375160000       0.000000000    
   5.397840000       0.000000000    
   5.420520000       0.000000000    
   5.443200000       0.000000000    
   5.465880000       0.000000000    
   5.488560000       0.000000000    
   5.511240000       0.000000000    
   5.533920000       0.000000000    
   5.556600000       0.000000000    
   5.579280000       0.000000000    
   5.601960000       0.000000000    
   5.624640000       0.000000000    
   5.647320000       0.000000000    
     
