    -4861.08217906    
    -4550.40592590    
    -4586.18213652    
    -4471.95714567    
    -4824.45291949    
    -4181.15498282    
    -4897.99784000    
    -4878.10953076    
    -4856.11380335    
    -4853.63601716    
    -4844.57124076    
    -5033.04224769    
    -4989.52567454    
    -4969.81448191    
    -4905.17556643    
    -4259.37834461    
    -4769.52184417    
    -4857.86935560    
    -4845.57985426    
    -4828.39239337    
    -4805.62511045    
    -4806.17501592    
    -4800.80411869    
    -4798.64137514    
    -4797.89461787    
    -4707.56136433    
    -4801.38770749    
    -4793.81592868    
    -4722.76389079    
    -4799.73425008    
    -4794.40976062    
    -4795.40346118    
    -4794.16168124    
    -4793.23447925    
    -4793.37157337    
    -4717.21535113    
    -4793.21227773    
    -4723.47377853    
    -4793.85319926    
    -4723.37050403    
    -4793.62651945    
    -4728.17999539    
    -4772.88706192    
    -4786.78386906    
    -4786.94874488    
    -4793.51490382    
    -4792.46372997    
    -4791.66353405    
    -4787.95814658    
    -4753.15440514    
    -4740.07064708    
    -4734.20293497    
    -4770.28383322    
    -4748.71795918    
    -4743.90246511    
    -4765.06633966    
    -4722.99054554    
    -4723.45749929    
    -4721.24531680    
    -4721.16205950    
    -4721.83764773    
    -4721.98672130    
    -4721.76492813    
    -4721.89121223    
    -4799.84387334    
    -4800.75735970    
    -4793.97540255    
    -4797.11651615    
    -4795.95033085    
    -4794.98404479    
    -4794.77854375    
    -4721.36585452    
    -4795.55398783    
    -4721.97406890    
    -4794.92855942    
    -4722.60928295    
    -4795.06852475    
    -4788.63996501    
    -4794.20630240    
    -4789.61281766    
    -4793.83297494    
    -4723.07275384    
    -4793.81199327    
    -4723.28832064    
    -4794.61793961    
    -4793.52303147    
    -4792.90535239    
    -4793.41764532    
    -4793.20465691    
    -4793.56710072    
    -4791.20658317    
    -4792.38305774    
    -4790.53547920    
    -4714.34403479    
    -4723.88611705    
    -4775.12368646    
    -4738.48222104    
    -4732.58477041    
    -4752.28764756    
    -4724.12372581    
    -4723.22821451    
    -4725.17060601    
    -4797.21607924    
    -4748.09110525    
    -4778.74267393    
    -4787.12759312    
    -4792.86556738    
    -4794.20733108    
    -4794.60542396    
    -4793.52845076    
    -4793.07393571    
    -4792.78901721    
    -4791.93489147    
    -4796.12838105    
    -4798.06313043    
    -4726.11581523    
    -4709.80286960    
    -4724.13575502    
    -4793.76956346    
    -4785.43066558    
    -4770.66538991    
    -4770.90061811    
    -4788.08076539    
    -4778.23900287    
    -4769.46807828    
    -4773.86165986    
    -4790.67604476    
    -4775.40509416    
    -4773.23974875    
    -4768.55809545    
    -4780.22071565    
    -4776.97303153    
    -4782.33134862    
    -4772.00789402    
    -4776.21642466    
    -4781.47196989    
    -4767.74772908    
    -4784.97200565    
    -4772.55253450    
    -4777.27505486    
    -4774.90028559    
    -4777.29556304    
    -4776.83867157    
    -4779.14315726    
    -4780.48682735    
    -4780.31828815    
    -4779.02678344    
    -4779.23704627    
    -4778.85123113    
    -4779.17284136    
    -4779.00281434    
    -4778.90450580    
    -4779.01018109    
    -4778.90580780    
    -4778.93206190    
    -4778.90612393    
    -4778.97258861    
    -4779.02067096    
    -4778.98687814    
    -4778.98917513    
    -4778.95667753    
    -4779.00891169    
    -4778.97857998    
    -4778.99972974    
    -4778.99029649    
    -4778.98776773    
    -4778.99220415    
    -4778.99027121    
    -4778.99019154    
    -4778.99063137    
    -4778.98939066    
    -4778.99101828    
    -4778.98974686    
    -4778.99005828    
    -4778.99131467    
    -4778.99121490    
    -4778.99100769    
    -4778.99100655    
    -4778.98991812    
    -4778.99011904    
    -4778.99014231    
    -4778.98997808    
    -4778.99061013    
    -4778.99090372    
    -4778.99008463    
    -4778.99067944    
    -4778.98975258    
    -4778.99085750    
    -4778.98983890    
    -4778.99129949    
    -4778.98986866    
    -4778.99093432    
    -4778.98966908    
    -4778.99078600    
    -4778.99037230    
    -4778.99054108    
    -4778.98983140    
    -4778.99092289    
    -4778.98983653    
    -4778.99014382    
