    -8158.11646818    
    -7080.08565197    
    -10554.8484682    
    -6248.14395844    
    -6212.46308301    
    -3935.42440205    
    -4856.87038121    
    -3389.12678915    
    -968.037219028    
    -1044.60978914    
    -7128.72363829    
    -2743.66579711    
    -9897.46107755    
    -3771.93565553    
    -7202.08156323    
    -7468.45182097    
    -7160.46605746    
    -6367.86134972    
    -6334.17558161    
    -5774.28362469    
    -6259.37624526    
    -7575.48897976    
    -5468.64231615    
    -6361.02271264    
    -7179.80322085    
    -7929.95676023    
    -7907.11566405    
    -7922.95568275    
    -8013.26820809    
    -7989.96604230    
    -7983.50542433    
    -7986.51733589    
    -7982.84309950    
    -7987.49428252    
    -8065.88598088    
    -8071.09533818    
    -7713.99045364    
    -7972.17641415    
    -7979.93619268    
    -7984.76125522    
    -7983.97036573    
    -7985.28563169    
    -7984.85727364    
    -7985.28528842    
    -7984.48613714    
    -7982.71288180    
    -7598.60014012    
    -8012.86978289    
    -7982.21179261    
    -7981.53385472    
    -7977.20686015    
    -7978.15197280    
    -7976.83539353    
    -7919.25960792    
    -7980.99409639    
    -7975.07143617    
    -7640.27314651    
    -7999.22558929    
    -7979.82222721    
    -7977.04805424    
    -7976.61276313    
    -7648.64001290    
    -7977.58766852    
    -7975.85152014    
    -7971.12195757    
    -7975.71436080    
    -7813.22466020    
    -7920.63277161    
    -7974.02097347    
    -7975.67346772    
    -7976.31691972    
    -7975.81614248    
    -7976.67942420    
    -7976.56723688    
    -7977.18943534    
    -7977.01841308    
    -7978.40229456    
    -7632.83264448    
    -7931.55226565    
    -7890.26846445    
    -7975.89334154    
    -7971.41081082    
    -7973.81152006    
    -7973.39911985    
    -7973.70600698    
    -7975.48203383    
    -7975.43135902    
    -7978.26329630    
    -7976.84436009    
    -7659.97896491    
    -7951.05155196    
    -7973.79718359    
    -7974.41599952    
    -7975.12996447    
    -7974.62116725    
    -7975.04322415    
    -7971.68601500    
    -7975.19812988    
    -7974.66164619    
    -7678.20973925    
    -7915.79527951    
    -7859.95247305    
    -7969.38389413    
    -7948.38364550    
    -7953.43764381    
    -7951.68942475    
    -7944.04999803    
    -7856.08046323    
    -7640.82019086    
    -7654.54979791    
    -7637.12870410    
    -7638.88295801    
    -7633.34845204    
    -7635.06506131    
    -7630.18494092    
    -7636.41100437    
    -7963.55577917    
    -7733.24087207    
    -7991.47898924    
    -7980.61596314    
    -7981.56934563    
    -7983.27274323    
    -7981.82332198    
    -7981.74694157    
    -7982.73618313    
    -7983.71527522    
    -7980.92521940    
    -7607.40483880    
    -7954.44048055    
    -7977.02959200    
    -7981.85408164    
    -7977.30831746    
    -7975.68371610    
    -7975.42198813    
    -7827.71219003    
    -7982.41984708    
    -7976.73126300    
    -7646.37340147    
    -7967.77137571    
    -7976.25965464    
    -7974.74735909    
    -7871.45528574    
    -7964.35466671    
    -7975.94072466    
    -7975.86273357    
    -7975.18542289    
    -7975.41355663    
    -7974.48960617    
    -7899.71248705    
    -7946.86905599    
    -7943.32929383    
    -7926.16074277    
    -7888.27881791    
    -7880.46031807    
    -7774.31638379    
    -7642.37628122    
    -7661.57819294    
    -7635.97302884    
    -7636.38687116    
    -7641.14452166    
    -7636.60533955    
    -7639.48055902    
    -7635.98052279    
    -8023.42777181    
    -7911.28510705    
    -7964.77374897    
    -7986.28633028    
    -7998.08513863    
    -7988.45344121    
    -7986.41591732    
    -7987.40174385    
    -7986.73619405    
    -7601.94789216    
    -7996.63227737    
    -7987.32541554    
    -7978.88911446    
    -7981.40564769    
    -7978.30674564    
    -7977.02241860    
    -7974.99166472    
    -7975.63345601    
    -7644.23824090    
    -7959.21203540    
    -7979.64300798    
    -7972.85274293    
    -7976.03502680    
    -7634.29932904    
    -7993.90009194    
    -7975.78780111    
    -7976.21707008    
    -7972.64284120    
    -7965.16427778    
    -7975.68066398    
    -7928.36530581    
    -7975.09418833    
    -7970.42201154    
    -7703.05001262    
    -7914.03945619    
    -7968.76039968    
    -7975.79695827    
