    -4922.88479568    
    -5116.72731454    
    -4979.19017089    
    -4953.88781427    
    -4945.21722018    
    -4957.29189278    
    -4970.76728764    
    -4966.49350553    
    -4963.54298838    
    -4965.85247758    
    -4964.72182523    
    -4965.18016651    
    -4965.02551510    
    -4965.05329859    
    -4965.05961267    
    -4965.05557580    
    -4965.05626930    
    -4965.05573913    
    -4965.05489308    
    -4965.05520820    
    -4965.05528021    
    -4965.05555469    
    -4965.05576205    
    -4965.05569684    
    -4965.05563854    
