    -4906.04208205    
    -5168.30702817    
    -4965.93467993    
    -4985.39732208    
    -4985.30255363    
    -4980.94184509    
    -4939.25602112    
    -4966.38688416    
    -4964.56301811    
    -4962.10443803    
    -4973.51110542    
    -4960.94524428    
    -4965.33196908    
    -4964.96679040    
    -4964.90877587    
    -4964.35255321    
    -4965.18137615    
    -4964.98712099    
    -4964.91129154    
    -4964.94501049    
    -4964.96158752    
    -4964.95330103    
    -4964.94706800    
    -4964.94268230    
    -4964.94556614    
    -4964.94545401    
    -4964.94447709    
    -4964.94623570    
    -4964.94626461    
    -4964.94570218    
    -4964.94559583    
    -4964.94557185    
    -4964.94533738    
