    -4922.38276275    
    -5113.32265404    
    -4978.42558610    
    -4956.84889849    
    -4945.25726506    
    -4958.11650343    
    -4971.11230799    
    -4967.14727912    
    -4963.32390742    
    -4966.08355270    
    -4964.59440791    
    -4965.17039837    
    -4965.04576696    
    -4965.06160404    
    -4965.05376399    
    -4965.05784035    
    -4965.05744435    
    -4965.05806959    
    -4965.05755689    
    -4965.05798883    
    -4965.05791108    
    -4965.05791182    
    -4965.05811802    
    -4965.05737429    
    -4965.05766558    
    -4965.05747782    
    -4965.05761112    
    -4965.05737942    
    -4965.05744108    
    -4965.05739480    
