    -4921.33915649    
    -5112.81669007    
    -4978.26618019    
    -4957.78364287    
    -4945.46147225    
    -4958.38348332    
    -4971.17857264    
    -4967.08392169    
    -4963.21773455    
    -4966.11031497    
    -4964.63034015    
    -4965.14269111    
    -4965.10813088    
    -4965.05595205    
    -4965.06173124    
    -4965.05573486    
    -4965.05912673    
    -4965.05895685    
    -4965.05850723    
    -4965.05737783    
    -4965.05871341    
    -4965.05849517    
    -4965.05810346    
    -4965.05860081    
    -4965.05793805    
    -4965.05777002    
    -4965.05817445    
    -4965.05810840    
    -4965.05848365    
