    -4918.65999267    
    -5136.48070887    
    -4974.42817896    
    -4937.44561446    
    -4961.42226336    
    -4959.11676131    
    -4973.40842202    
    -4954.52871649    
    -4971.18671458    
    -4967.25535650    
    -4964.59063046    
    -4966.66634310    
    -4965.05500922    
    -4965.26070300    
    -4965.26973469    
    -4965.07955374    
    -4965.05337426    
    -4965.01271686    
    -4965.04685002    
    -4965.05956960    
    -4965.05720642    
    -4965.05322552    
    -4965.05212579    
    -4965.05256651    
    -4965.05274495    
    -4965.05276370    
    -4965.05278184    
