    -8221.25106919    
    -8186.58640549    
    -8970.22655339    
    -5900.38387372    
    -6545.77903038    
    -6494.30921337    
    -7597.18051348    
    -7547.21279406    
    -8476.91045883    
    -7935.42213859    
    -8481.16444005    
    -7969.66285947    
    -7811.08561624    
    -8598.33536400    
    -8499.27287162    
    -8000.59010526    
    -8555.09368529    
    -7957.59494657    
    -7970.68509367    
    -8459.84562264    
    -7926.42233980    
    -7921.20522201    
    -8473.34105694    
    -7918.45127672    
    -7915.51226784    
    -7915.45117151    
    -7907.04211825    
    -7914.97505765    
    -7965.10136116    
    -7915.96183232    
    -7908.51907339    
    -7902.69572720    
    -5303.57372515    
    -4877.95456739    
    -4731.51265043    
    -3536.06532751    
    -4276.10772465    
    -4155.10261986    
    -4408.47416186    
    -4016.63728308    
    -3824.89662508    
    -3505.81937790    
    -56.6705360268    
    -268.323688410    
    -309.214333368    
    -346.410116575    
     249.084057279    
    -56.5476193663    
    -3382.42001494    
    -749.996449148    
    -3438.33590314    
    -7279.36179610    
    -6745.07180303    
    -9756.16544730    
    -8006.43996907    
    -8657.27885051    
    -8409.27017133    
    -8444.75813105    
    -8348.54023315    
    -8412.90400844    
    -8374.27801183    
    -8274.90571061    
    -8225.83418748    
    -8400.51845595    
    -8367.76141866    
    -8311.07435098    
    -8210.09907811    
    -8209.52704876    
    -8244.80835214    
    -8202.79932298    
    -8216.76921012    
    -8211.13889628    
    -8212.89878584    
    -8214.12683978    
    -8212.81357603    
    -8213.33316523    
    -8213.37854293    
    -8213.34156822    
    -8213.32044181    
    -8213.28767068    
    -8213.28680022    
    -8213.28762575    
    -8213.28507786    
    -8213.28545429    
    -8213.28489741    
    -8213.28486433    
    -8213.28476710    
    -8213.28512249    
    -8213.28523161    
    -8213.28480461    
    -8213.28539098    
    -8213.28529514    
    -8213.28499040    
