    -9876.00458810    
    -8431.32701023    
    -13976.0610111    
    -8379.98116992    
    -8182.07803685    
    -6404.10446255    
    -5439.62652949    
    -4958.93067471    
    -6961.39059369    
    -6313.90663663    
    -7802.71497795    
    -6622.38514717    
    -8471.00228192    
    -6642.95952765    
    -9582.07975871    
    -7779.55487155    
    -6068.37983666    
    -6950.00892932    
    -10341.6553887    
    -6185.52350265    
    -4132.34508843    
    -6720.15575964    
    -5839.31837309    
    -9006.28287963    
    -6851.07721013    
    -8107.72071004    
    -4630.63326713    
    -6634.50805736    
    -7438.77285690    
    -6326.61607961    
    -8362.46674618    
    -6388.89195099    
    -8001.80231153    
    -9942.59658108    
    -4577.46581332    
    -7953.53078183    
    -11379.2280521    
    -4876.89801095    
    -9205.37384471    
    -9132.36424173    
    -9056.63764661    
    -8761.95109851    
    -11467.8435217    
    -9435.16202729    
    -9629.47147425    
    -9775.40849246    
    -9819.83866693    
    -10024.2232442    
    -9919.44647804    
    -9917.09625581    
    -10295.8934838    
    -10359.7001841    
    -10181.8884418    
    -10103.8879791    
    -10024.3631678    
    -9904.65776336    
    -9429.78674403    
    -9600.60069199    
    -9522.60425084    
    -9567.52217819    
    -9556.85994988    
    -9571.41631116    
    -9561.16115093    
    -9557.82849111    
    -9559.49771953    
    -9558.52550505    
    -9559.59852637    
    -9558.79643515    
    -9559.25240088    
    -9559.06842445    
    -9559.14648282    
    -9559.13129754    
    -9559.11294382    
    -9559.11597951    
    -9559.11441830    
    -9559.11188626    
    -9559.11340749    
    -9559.11272640    
    -9559.11433876    
    -9559.11346801    
    -9559.11402938    
    -9559.11367726    
    -9559.11395492    
    -9559.11374005    
    -9559.11354246    
    -9559.11377269    
    -9559.11348621    
    -9559.11354509    
    -9559.11348665    
