    -4916.88381885    
    -5133.78726438    
    -4995.76206023    
    -4903.19915622    
    -4931.37831827    
    -4964.87245069    
    -4970.28872193    
    -4965.60125502    
    -4965.29144439    
    -4965.48833917    
    -4964.99491923    
    -4965.02810956    
    -4964.92972571    
    -4964.94095250    
    -4964.97658756    
    -4964.96873329    
    -4964.95610543    
    -4964.96277776    
    -4964.96510926    
    -4964.96954722    
    -4964.96900593    
    -4964.96808235    
    -4964.96312431    
    -4964.96423105    
    -4964.96827763    
    -4964.96403705    
    -4964.96832710    
    -4964.96401260    
    -4964.96450073    
    -4964.96446809    
    -4964.96870160    
    -4964.96422925    
    -4964.96831676    
    -4964.96407201    
    -4964.96457150    
    -4964.96462867    
    -4964.96881372    
    -4964.96427430    
    -4964.96872083    
    -4964.96406112    
    -4964.96839018    
    -4964.96407001    
    -4964.96837541    
    -4964.96406495    
    -4964.96462038    
    -4964.96455653    
    -4964.96459385    
    -4964.96850107    
    -4964.96449498    
    -4964.96849511    
    -4964.96442661    
    -4964.96842497    
    -4964.96453262    
    -4964.96820492    
    -4964.96828150    
    -4964.96437030    
    -4964.96453757    
    -4964.96835586    
    -4964.96398739    
    -4964.96450650    
    -4964.96834936    
    -4964.96424712    
    -4964.96458104    
    -4964.96852175    
    -4964.96412543    
    -4964.96450080    
    -4964.96862130    
    -4964.96458756    
    -4964.96835473    
    -4964.96383848    
    -4964.96830403    
    -4964.96388920    
    -4964.96449972    
    -4964.96850381    
    -4964.96332096    
    -4964.96446023    
    -4964.96458149    
    -4964.96833051    
    -4964.96449519    
    -4964.96456488    
    -4964.96882235    
    -4964.96458676    
    -4964.96446342    
    -4964.96877742    
    -4964.96453330    
    -4964.96828303    
    -4964.96443587    
    -4964.96833384    
    -4964.96442638    
    -4964.96826906    
    -4964.96447631    
    -4964.96457325    
    -4964.96831260    
    -4964.96432852    
    -4964.96449756    
    -4964.96834458    
    -4964.96436188    
    -4964.96834955    
    -4964.96441852    
    -4964.96823758    
    -4964.96424690    
    -4964.96815168    
    -4964.96424623    
    -4964.96835127    
    -4964.96409779    
    -4964.96451414    
    -4964.96461876    
    -4964.96829022    
    -4964.96453334    
    -4964.96835590    
    -4964.96445529    
    -4964.96847871    
    -4964.96445416    
    -4964.96833785    
    -4964.96837911    
    -4964.96413030    
    -4964.96442783    
    -4964.96820563    
    -4964.96436648    
    -4964.96450945    
    -4964.96831639    
    -4964.96440627    
    -4964.96824374    
    -4964.96447009    
    -4964.96835685    
    -4964.96441391    
    -4964.96828757    
    -4964.96442106    
    -4964.96448581    
    -4964.96462472    
    -4964.96831369    
    -4964.96426054    
    -4964.96835392    
    -4964.96814609    
    -4964.96436678    
    -4964.96831579    
    -4964.96436884    
    -4964.96842510    
    -4964.96428831    
    -4964.96439637    
    -4964.96440695    
    -4964.96449988    
    -4964.96857309    
    -4964.96441360    
    -4964.96455815    
    -4964.96858707    
    -4964.96427639    
    -4964.96855378    
    -4964.96820324    
    -4964.96822911    
    -4964.96446184    
    -4964.96825051    
    -4964.96392030    
    -4964.96452508    
    -4964.96451389    
    -4964.96838017    
    -4964.96390868    
    -4964.96461699    
    -4964.96849189    
    -4964.96439466    
    -4964.96832470    
    -4964.96438467    
    -4964.96854558    
    -4964.96447671    
    -4964.96840053    
    -4964.96447727    
    -4964.96457650    
    -4964.96834440    
    -4964.96447470    
    -4964.96841691    
    -4964.96420968    
    -4964.96454878    
    -4964.96830018    
    -4964.96440988    
    -4964.96831069    
    -4964.96437196    
    -4964.96463644    
    -4964.96854089    
    -4964.96431071    
    -4964.96836625    
    -4964.96446324    
    -4964.96834982    
    -4964.96456308    
    -4964.96461931    
    -4964.96824627    
    -4964.96462633    
    -4964.96445756    
    -4964.96825242    
    -4964.96444954    
    -4964.96457348    
    -4964.96833332    
    -4964.96448072    
    -4964.96827996    
    -4964.96433347    
    -4964.96829209    
    -4964.96456911    
    -4964.96451921    
    -4964.96832156    
    -4964.96455077    
    -4964.96826684    
