    -15839.4512604    
     4773.59190364    
    -653369.605248    
    -34415.5089623    
    -27799.6937936    
    -22251.3534374    
    -32616.9192893    
    -17032.9752077    
    -61061.4403748    
    -17190.5951212    
    -31808.5104843    
    -41755.6669647    
    -39950.4120014    
    -11402.1156786    
    -20013.2932604    
    -23036.3446262    
    -20568.7362518    
    -29703.5974296    
    -21467.9797496    
    -20898.4749882    
    -24924.9505241    
    -16437.4573518    
    -23195.2539714    
    -13097.8258197    
    -9026.57393114    
    -14321.8747853    
    -18049.7001043    
    -16978.2236577    
    -16636.8278141    
    -17101.5881359    
    -17153.1736239    
    -16391.3062523    
    -13414.5768544    
    -15774.0383785    
    -6376.50437710    
    -11295.3399085    
    -14305.7243593    
    -13819.2998215    
    -14965.9334221    
    -14938.3420718    
    -15340.8751388    
    -13936.4341116    
    -15367.1206204    
    -14285.6539633    
    -15911.5628606    
    -15879.8292635    
    -16774.2994928    
    -17321.4512179    
    -17784.6904424    
    -18171.8870932    
    -18070.1074467    
    -18020.5783569    
    -15980.0181024    
    -14116.6144727    
    -15436.8215468    
    -13350.2492832    
    -12771.2717276    
    -14513.2116847    
    -14157.4763403    
    -14345.4786439    
    -15071.2295202    
    -14507.2257586    
    -15472.8704884    
    -16272.1730588    
    -17142.9237458    
    -16421.6544166    
    -14222.2861871    
    -15000.6206835    
    -14985.9986855    
    -14740.4602948    
    -14936.6943566    
    -14698.6807937    
    -14758.5776366    
    -14843.1814388    
    -14969.9433671    
    -15606.6093097    
    -17319.0339498    
    -15497.0431845    
    -14401.0584486    
    -14282.5174783    
    -14439.6344871    
    -14316.7368350    
    -14598.7211114    
    -14564.3102040    
    -14564.6611178    
    -14554.6748695    
    -14794.5658891    
    -16627.3282600    
    -15785.6609257    
    -14355.9633323    
    -14594.3321069    
    -14755.7791734    
    -14699.6648482    
    -14799.1040128    
    -14605.8779689    
    -14399.6711964    
    -14453.7136208    
    -14739.8244344    
    -15477.1455107    
    -16192.8491764    
    -16006.4307055    
    -14055.3614861    
    -14762.1169252    
    -14568.3953702    
    -14643.6006792    
    -14560.4354060    
    -14490.1150102    
    -14576.1424460    
    -14556.6898893    
    -14972.8662481    
    -15699.6136565    
    -15287.7894086    
    -13987.1050829    
    -14367.3968542    
    -14454.6814892    
    -14459.8909792    
    -14521.9136963    
    -14473.1895625    
    -14465.5310142    
    -14502.3168392    
    -14551.4561150    
    -15753.6551880    
    -15795.9685958    
    -14475.3734469    
    -14544.2584547    
    -14545.2117745    
    -14541.0537258    
    -14516.8918910    
    -14540.7348805    
    -14436.2234456    
    -14454.2393008    
    -14724.5041282    
    -15709.9250733    
    -15983.8587145    
    -14183.1061047    
    -14808.3533746    
    -14493.0507453    
    -14751.3922928    
    -14588.7532938    
    -14610.7959361    
    -14482.1705334    
    -14326.2630474    
    -14773.3442796    
    -15591.1843745    
    -15716.4022918    
    -14629.8148037    
    -14892.6331262    
    -14531.6709899    
    -14576.6505772    
    -14535.4597991    
    -14533.4534419    
    -14672.3567445    
    -14834.8696632    
    -14773.6972553    
    -14674.2196157    
    -14690.7639509    
    -14497.8889862    
    -14445.2298222    
    -13414.1288961    
    -14098.4985237    
    -14251.3789641    
    -14312.1412340    
    -14352.7898246    
    -14360.7384207    
    -14389.1774477    
    -14373.9212861    
    -14374.0789369    
    -14374.3849682    
    -13741.8670936    
    -14448.8158835    
    -14365.5263186    
    -14377.5762647    
    -14374.0017964    
    -14368.1657475    
    -14362.6881781    
    -14366.0147065    
    -13697.0025848    
    -14233.5605651    
    -14384.0328343    
    -14364.6133202    
    -13676.3096458    
    -14366.3511757    
    -14365.8267954    
    -14360.4534594    
    -14364.9660510    
    -14362.5884504    
    -13694.2911310    
    -14322.7779699    
    -14364.3944535    
    -14364.9725137    
    -13692.7440659    
    -14328.7513903    
    -14368.8268121    
    -14362.5807072    
    -14362.6386497    
    -14360.5706847    
    -14364.2981867    
    -14362.6643750    
    -14266.5288077    
    -14311.2622503    
