    -14893.4644701    
    -1617.65051633    
    -55400.2248114    
    -24582.3332877    
    -25109.1227952    
    -9450.41295284    
    -18595.8139500    
    -44497.0391784    
    -10591.6854705    
    -16801.0210313    
    -21360.7637699    
    -22153.3096368    
    -24288.1700258    
    -18548.1142284    
    -14108.9495593    
    -18021.9611966    
    -26270.8314930    
    -24320.0664343    
    -24877.6153422    
    -21148.1166951    
     467.739728013    
    -6578.30347773    
    -15068.2644617    
    -14973.3975861    
    -12055.9277732    
    -14043.2613985    
    -13824.2344891    
    -14115.6097256    
    -14195.4347093    
    -13937.3834399    
    -17224.7520046    
    -17855.5015832    
    -16514.3193472    
    -14267.6692622    
    -14580.2225108    
    -14460.7299942    
    -14506.3759711    
    -14795.2519135    
    -14736.4665489    
    -14874.0189701    
    -14674.6235595    
    -14852.6239497    
    -16579.7314523    
    -18533.5213674    
    -17625.6677786    
    -17065.2998918    
    -16809.7239871    
    -16661.9284396    
    -16341.0236868    
    -14515.1572953    
    -17511.8713411    
    -13464.5462228    
    -13324.6705000    
    -14033.8701644    
    -14926.4230936    
    -15137.7692404    
    -14944.1905993    
    -14267.8859352    
    -14591.7189952    
    -14358.6674738    
    -14379.8308434    
    -14842.9077296    
    -14735.3135782    
    -14454.5993207    
    -14326.0439198    
    -14460.4513842    
    -14307.5530543    
    -14440.4913443    
    -14386.5450979    
    -14369.5515738    
    -14324.2496083    
    -14367.8513457    
    -14343.5292869    
    -14349.9646056    
    -14337.8641391    
    -14337.9962399    
    -14338.2440404    
    -14338.9166713    
    -14338.0201081    
    -14338.4981111    
    -14338.7841956    
    -14338.5614823    
    -14338.6889996    
    -14338.6024633    
    -14338.6660399    
    -14338.6233570    
    -14338.6385905    
    -14338.5964147    
    -14338.6345712    
    -14338.6273274    
    -14338.6028180    
    -14338.5952091    
    -14338.5995428    
    -14338.5961851    
    -14338.5991336    
    -14338.5971756    
    -14338.5977579    
    -14338.5963954    
    -14338.5960408    
    -14338.5953797    
    -14338.5955048    
    -14338.5952869    
    -14338.5961056    
    -14338.5950050    
    -14338.5950903    
    -14338.5953667    
    -14338.5964107    
    -14338.5966776    
    -14338.5963183    
    -14338.5964086    
    -14338.5962523    
    -14338.5960630    
    -14338.5958625    
    -14338.5962097    
    -14338.5957297    
    -14338.5964820    
    -14338.5951120    
    -14338.5960118    
    -14338.5952251    
    -14338.5951698    
    -14338.5962735    
    -14338.5951703    
    -14338.5963247    
    -14338.5955030    
    -14338.5956746    
    -14338.5953655    
    -14338.5964443    
    -14338.5952321    
    -14338.5950856    
    -14338.5964572    
    -14338.5958594    
    -14338.5951647    
    -14338.5952850    
    -14338.5951858    
    -14338.5962718    
    -14338.5958734    
    -14338.5956347    
    -14338.5957452    
    -14338.5959087    
    -14338.5950379    
    -14338.5957497    
    -14338.5953391    
    -14338.5964221    
    -14338.5952600    
    -14338.5961662    
    -14338.5963240    
    -14338.5951876    
    -14338.5956949    
    -14338.5954062    
    -14338.5959244    
    -14338.5959737    
    -14338.5952271    
