    -4911.07570823    
    -5158.70600213    
    -4970.57397862    
    -4963.66694206    
    -4979.34980064    
    -4974.80865145    
    -4946.97131691    
    -4957.18152314    
    -4973.49552636    
    -4957.70392229    
    -4969.09096582    
    -4962.27401582    
    -4963.66450328    
    -4963.23206412    
    -4965.50108078    
    -4963.83534761    
    -4965.36913983    
    -4964.73529373    
    -4964.44704567    
    -4964.89224453    
    -4964.92192768    
    -4964.98674828    
    -4964.97317938    
    -4964.94087610    
    -4964.94329546    
    -4964.94429111    
    -4964.94155700    
    -4964.94285651    
    -4964.94253555    
    -4964.94275326    
    -4964.94267271    
    -4964.94314784    
    -4964.94316079    
    -4964.94269701    
    -4964.94302371    
    -4964.94269016    
    -4964.94318441    
    -4964.94305922    
    -4964.94280582    
    -4964.94289936    
    -4964.94269666    
