    -4921.97360626    
    -5123.24460271    
    -4974.28866304    
    -4964.42000215    
    -4949.13685681    
    -4956.80956864    
    -4971.79024649    
    -4965.24954858    
    -4963.82086410    
    -4965.44768282    
    -4964.94466128    
    -4965.06997162    
    -4965.10917773    
    -4965.07860106    
    -4965.07182829    
    -4965.06937098    
    -4965.06997838    
    -4965.07030561    
    -4965.07099345    
    -4965.07072114    
    -4965.07103102    
    -4965.07092714    
    -4965.07103231    
    -4965.07077639    
    -4965.07076096    
    -4965.07078306    
