    -4911.07501301    
    -5158.70740121    
    -4970.57666785    
    -4963.66453833    
    -4979.35160962    
    -4974.80930328    
    -4946.96858678    
    -4957.18508351    
    -4973.49122362    
    -4957.70531302    
    -4969.08405479    
    -4962.27614174    
    -4963.66048135    
    -4963.21920899    
    -4965.24060128    
    -4964.67000021    
    -4965.22282539    
    -4964.92024640    
    -4965.07637255    
    -4964.94115063    
    -4964.93872774    
    -4964.94210639    
    -4964.94281571    
    -4964.94201491    
    -4964.94256319    
    -4964.94289338    
    -4964.94308626    
    -4964.94278715    
    -4964.94286581    
    -4964.94284129    
