    -4913.83471919    
    -5150.44091294    
    -4972.76306992    
    -4947.81011407    
    -4973.61049244    
    -4968.37121002    
    -4955.61135235    
    -4957.66562904    
    -4974.89582224    
    -4958.78184374    
    -4971.16574922    
    -4961.77590960    
    -4967.80418184    
    -4964.72747287    
    -4963.54751954    
    -4965.44043735    
    -4965.05138225    
    -4965.04872808    
    -4965.34137244    
    -4965.09957831    
    -4964.91771031    
    -4965.07181852    
    -4964.98513271    
    -4965.02210471    
    -4965.01891514    
    -4964.95330797    
    -4964.93469122    
    -4964.93770641    
    -4964.94088791    
    -4964.94107149    
    -4964.94145674    
    -4964.94149020    
    -4964.94139753    
    -4964.94135119    
    -4964.94118577    
