    -9921.30075979    
    -3519.01852238    
    -23719.7047676    
    -1768890.82160    
    -8793.68422134    
    -8160.93735240    
    -10690.0969892    
    -12845.7521966    
    -8144.34683374    
    -13989.6300875    
    -7971.17618988    
    -13643.2422830    
    -8582.37107164    
    -17415.6885530    
    -13217.0092583    
    -12996.0939268    
    -12757.8154611    
    -12727.7575285    
    -12637.8354076    
    -13232.9304508    
    -13685.4711324    
    -13986.0047394    
    -21.2927036983    
    -220209.567412    
    -14092.7116372    
    -9380.81060537    
    -11642.7693309    
    -9596.36855048    
    -10114.2136472    
    -9462.55549253    
    -10172.4895404    
    -9549.99874644    
    -9650.46560390    
    -9830.35654009    
    -9843.30825342    
    -9755.76564224    
    -9706.48552506    
    -8508.55073578    
    -9593.97864083    
    -9706.68060099    
    -9644.60742926    
    -9621.72975506    
    -9601.95481719    
    -9592.45277435    
    -9596.46352239    
    -9575.32985984    
    -9588.38360619    
    -8947.02315344    
    -9553.30279268    
    -9602.80366190    
    -9579.71562066    
    -9580.91258939    
    -9580.68339127    
    -9573.62980675    
    -9574.03794963    
    -9577.75880428    
    -9295.34467014    
    -9592.14622698    
    -9412.61991932    
    -9565.71058915    
    -9577.95544056    
    -9576.68639586    
    -9576.07843643    
    -9383.44745283    
    -9578.61799234    
    -9576.20173876    
    -9440.44962836    
    -9569.91498401    
    -9575.65757959    
    -9574.32208620    
    -9576.19128535    
    -9575.99297254    
    -9574.16131903    
    -9571.41709308    
    -9574.83692889    
    -9563.24211279    
    -9309.00528381    
    -9550.71036462    
    -9568.69006134    
    -9573.76048609    
    -9572.70405403    
    -9567.74981594    
    -9417.61556615    
    -9528.82476262    
    -9377.58183809    
    -9316.32510739    
    -9318.79395364    
    -9317.69639011    
    -9311.52321953    
    -9315.60367539    
    -9299.48333212    
    -9316.07591397    
    -9299.20602935    
    -9295.27978363    
    -9643.38352501    
    -9180.00241058    
    -9484.66062277    
    -9557.80402802    
    -9702.73239738    
    -9600.50110329    
    -9609.89934618    
    -9609.44349288    
    -9593.00564125    
    -9289.27503212    
    -9591.75596748    
    -9605.47477341    
    -9592.92306106    
    -9584.02469116    
    -9584.23678533    
    -9590.25172001    
    -9585.02223537    
    -9583.22788203    
    -9585.33449696    
    -8950.51499464    
    -9554.17518901    
    -9586.13950533    
    -9580.08613417    
    -9579.02902518    
    -9576.70556920    
    -9576.07981384    
    -9292.08041452    
    -9586.81367562    
    -9578.34817904    
    -9284.09579045    
    -9574.37145726    
    -9575.22340745    
    -9574.32959620    
    -9511.51007607    
    -9578.59152031    
    -9524.79619976    
    -9577.43531516    
    -9507.37975838    
    -9576.45374342    
    -9577.87994221    
    -9545.90830364    
    -9467.13286564    
    -9542.59207573    
    -9529.48333155    
    -9502.97500529    
    -9446.73537884    
    -9316.86517582    
    -9321.75700389    
    -9300.00549447    
    -9303.94133264    
    -9299.56667261    
    -9307.04703083    
    -9303.55644026    
    -9298.43241327    
    -9441.12514237    
    -9305.27188706    
    -9577.46095582    
    -9541.02060467    
    -9568.96861777    
    -9582.98352443    
    -9589.47780523    
    -9586.42938024    
    -9584.70500632    
    -9584.31140540    
    -9588.51405335    
    -9310.42887398    
    -9581.60681383    
    -9579.15441520    
    -9304.16023211    
    -9582.11502011    
    -9580.97981483    
    -9564.31091307    
    -9580.50756645    
    -9578.35327609    
    -9507.05111589    
    -9582.15506802    
    -9579.08698738    
    -9326.60629636    
    -9556.53167332    
    -9576.96826447    
    -9463.95708362    
    -9579.65456639    
    -9578.44010097    
    -9577.57472634    
    -9577.70684060    
    -9577.30789976    
    -9566.60577009    
    -9577.90516614    
    -9306.06519101    
    -9560.17511302    
    -9574.99347366    
    -9323.83923251    
    -9531.81500515    
    -9571.07262039    
    -9575.83916023    
    -9575.61284253    
    -9575.48646303    
    -9575.88710280    
    -9576.60707888    
    -9577.51400097    
    -9578.12529872    
    -9585.43059575    
    -9442.47188148    
    -9174.01994421    
    -9313.71138501    
    -9570.60304718    
