    -6571.68963666    
    -6759.63224262    
    -6705.85409567    
    -3539.04089736    
    -6546.22468950    
    -6557.36017492    
    -6649.60809485    
    -6646.01410928    
    -6640.06921599    
    -6644.62607522    
    -6643.26018554    
    -6641.04841694    
    -6635.82675639    
    -6618.71464494    
    -6621.49397135    
    -6619.54657752    
    -6620.02367311    
    -6620.19742761    
    -6620.16531170    
    -6620.16135558    
    -6620.09658880    
    -6620.09536729    
    -6620.09546270    
    -6620.09593983    
    -6620.09581841    
    -6620.09585459    
    -6620.09585107    
