    -6501.73233024    
    -6547.63551488    
    -5794.25433505    
    -5471.80314552    
    -5595.47268205    
    -5443.51595581    
    -5362.57716412    
    -6066.26597284    
    -6545.87617682    
    -6516.59427124    
    -5901.40539381    
    -4668.95031388    
    -4991.67996209    
    -5310.55726160    
    -5117.85605049    
    -4843.84660683    
    -2865.46459038    
    -5073.98174746    
    -5413.52804574    
    -6065.80500397    
    -6692.14471247    
    -6538.85742505    
    -6612.55746388    
    -6634.57314277    
    -6595.17046102    
    -6019.50794527    
    -6653.36273019    
    -6603.83406127    
    -6638.76182074    
    -6654.29473647    
    -6657.10989557    
    -6637.63293106    
    -6629.99062270    
    -6601.55892334    
    -6613.22573619    
    -4715.96506700    
    -5918.37303829    
    -6603.58430498    
    -6422.87421522    
    -6583.10871027    
    -6514.57356037    
    -6558.85609913    
    -6541.18377701    
    -6537.69904772    
    -6540.55003456    
    -6569.12952019    
    -6144.28765383    
    -6522.09992013    
    -6539.04515449    
    -6528.88072526    
    -6523.98759108    
    -6523.13971687    
    -6518.89477880    
    -6518.48734295    
    -6515.29415148    
    -6507.21920218    
    -6273.21840994    
    -6517.50308233    
    -6507.85358606    
    -6514.36662444    
    -6511.54103599    
    -6508.17764565    
    -6504.78222373    
    -6507.90851955    
    -6502.11475927    
    -6506.12061643    
    -6485.32962035    
    -6501.43314219    
    -6493.06402926    
    -6493.31775923    
    -6497.82909175    
    -6498.09104391    
    -6496.44023190    
    -6496.57924380    
    -6496.13934326    
    -6496.63092492    
    -6496.14507385    
    -6496.49252674    
    -6496.46952972    
    -6496.37696109    
    -6496.24985274    
    -6496.30810635    
    -6496.28997678    
    -6496.29759456    
    -6496.29951935    
    -6496.30045786    
    -6496.29978543    
    -6496.29944318    
    -6496.29934873    
    -6496.29907134    
    -6496.29912758    
    -6496.29908014    
